<?xml version="1.0" encoding="utf-8"?><testsuite errors="0" failures="0" name="pytest" skipped="0" tests="7" time="9.843"><testcase classname="test_submit" file="test_submit.py" line="11" name="test_modules" time="0.013"></testcase><testcase classname="test_submit" file="test_submit.py" line="17" name="test_q_1" time="0.895"></testcase><testcase classname="test_submit" file="test_submit.py" line="20" name="test_q_2" time="0.974"></testcase><testcase classname="test_submit" file="test_submit.py" line="23" name="test_q_3" time="3.230"><system-out>C. Ronaldo dos Santos Aveiro
Lionel Messi
Neymar da Silva Santos Jr.
Luis Suárez
Manuel Neuer
Robert Lewandowski
David De Gea Quintana
Eden Hazard
Toni Kroos
Gonzalo Higuaín
Sergio Ramos García
Kevin De Bruyne
Thibaut Courtois
Alexis Sánchez
Luka Modrić
Gareth Bale
Sergio Agüero
Giorgio Chiellini
Gianluigi Buffon
Paulo Dybala
Jan Oblak
Antoine Griezmann
Thiago Alcântara
Pierre-Emerick Aubameyang
Leonardo Bonucci
Jérôme Boateng
Diego Godín
Mats Hummels
Mesut Özil
Hugo Lloris
Thiago Emiliano da Silva
Zlatan Ibrahimović
Arjen Robben
N&apos;Golo Kanté
Marco Verratti
Paul Pogba
Christian Eriksen
Arturo Vidal
Edinson Cavani
Marcelo Vieira da Silva
Marek Hamšík
Ivan Rakitić
David Josué Jiménez Silva
Samir Handanovič
Gerard Piqué Bernabeu
Andrés Iniesta Luján
Harry Kane
James Rodríguez
Francisco Román Alarcón Suárez
David Alaba
Romelu Lukaku
Alex Sandro Lobo Silva
Thomas Müller
Sergio Busquets Burgos
Philippe Coutinho Correia
Marco Reus
Toby Alderweireld
David Luiz Moreira Marinho
Diego da Silva Costa
Radja Nainggolan
Javier Martínez Aginaga
Dries Mertens
Sokratis Papastathopoulos
João Miranda de Souza Filho
Karim Benzema
Francesc Fàbregas i Soler
Franck Ribéry
Képler Laveran Lima Ferreira
Petr Čech
Yannick Carrasco
Raphaël Varane
Álvaro Borja Morata Martín
Carlos Henrique Venancio Casimiro
Lorenzo Insigne
Jorge Resurrección
Alexandre Lacazette
Keylor Navas
Henrikh Mkhitaryan
Danijel Subašić
Bernd Leno
Marc-André ter Stegen
Kamil Glik
Jordi Alba Ramos
İlkay Gündoğan
César Azpilicueta Tanco
Ángel Di María
Miralem Pjanić
Claudio Marchisio
Jan Vertonghen
Blaise Matuidi
Stéphane Ruffier
Filipe Luís Kasmirski
Vincent Kompany
Andrea Barzagli
Eric Bailly
Marco Asensio Willemsen
Bernardo Mota Carvalho e Silva
Aymeric Laporte
Dele Alli
Sadio Mané
Daniel Carvajal Ramos
Julian Draxler
Mauro Icardi
Kalidou Koulibaly
Timo Horn
Kostas Manolas
Shkodran Mustafi
Ander Herrera Agüera
Nemanja Matić
Kevin Strootman
Pedro Rodríguez Ledesma
Roman Bürki
Bruno Soriano Llido
Ivan Perišić
Edin Džeko
Willian Borges da Silva
Sami Khedira
Ralf Fährmann
Sergio Asenjo Andrés
Juan Manuel Mata García
Medhi Benatia
Radamel Falcao García Zarate
Laurent Koscielny
Gary Cahill
Daniel Alves da Silva
Alejandro Gómez
Aritz Aduriz Zubeldia
Kylian Mbappé
Ousmane Dembélé
Naby Keïta
José María Giménez
Gerónimo Rulli
Thomas Lemar
João Mário Naval Costa Eduardo
Niklas Süle
Ederson Santana de Moraes
Leon Goretzka
Fábio Henrique Tavares
Mohamed Salah
Andrea Belotti
Emil Forsberg
Marcos Aoas Corrêa
William Silva de Carvalho
Samuel Umtiti
Riyad Mahrez
Virgil van Dijk
Roberto Firmino Barbosa de Oliveira
Danilo Luís Hélio Pereira
Víctor Machín Pérez
Anthony Lopes
Stefan de Vrij
Mattia Perin
Joel Matip
Idrissa Gueye
Iago Aspas Juncal
Ciro Immobile
Nicolás Otamendi
Javier Pastore
Daniel Parejo Muñoz
Shinji Kagawa
Giacomo Bonaventura
Bas Dost
Kyle Walker
Oscar dos Santos Emboaba
Steven N&apos;Zonzi
Mateo Musacchio
Ömer Toprak
José María Callejón Bueno
Adrien S. Perruchet Silva
Sebastian Giovinco
Nicolás Gaitán
Mario Mandžukić
Adam Lallana
Benedikt Höwedes
Éver Banega
Rui Pedro dos Santos Patrício
Yann Sommer
Dimitri Payet
Morgan Schneiderlin
Jonas Gonçalves Oliveira
Łukasz Piszczek
Ezequiel Garay
Antonio Valencia
Kasper Schmeichel
Moussa Dembélé
Borja Valero Iglesias
Loïc Perrin
Lucas Biglia
Diego López Rodríguez
Santiago Cazorla González
Javier Mascherano
Wesley Sneijder
Luís Carlos Almeida da Cunha
Daniele De Rossi
José Manuel Reina Páez
Ricardo Andrade Quaresma Bernardo
Yaya Touré
Iker Casillas Fernández
Gianluigi Donnarumma
Leroy Sané
Tiémoué Bakayoko
Corentin Tolisso
Nabil Fekir
Jean Michaël Seri
Keita Baldé Diao
Jonathan Tah
Federico Bernardeschi
Timo Werner
André Filipe Tavares Gomes
Anthony Martial
Quincy Promes
Lucas Vázquez Iglesias
Saúl Ñíguez Esclápez
Felipe Augusto de Almeida Monteiro
Carlos Bacca
Franco Vázquez
Mateo Kovačić
Sergio Rico González
Manuel Trigueros Muñoz
Antonio Rüdiger
Florian Thauvin
Stefan Savić
Iñigo Martínez Berridi
Roque Mesa Quevedo
Alessandro Florenzi
Davy Klaassen
Karim Bellarabi
Raheem Sterling
Jesús Joaquín Fernández Sáez
Gerard Deulofeu Lázaro
Eric Dier
Marcos Rojo
Lucas Rodrigues M. Silva
Heung Min Son
Francesco Acerbi
Granit Xhaka
Jonathan Viera Ramos
Luis Miguel Afonso Fernandes
Willian José da Silva
Andriy Yarmolenko
Oliver Baumann
Gary Medel
Víctor Ruíz Torre
Xherdan Shaqiri
Juan Cuadrado
Douglas Costa de Souza
Nathaniel Clyne
Vicente Iborra de la Fuente
Victor Wanyama
Taison Barcellos Freda
Marlos Romero Bonfim
Lars Stindl
Mario Balotelli
Aaron Ramsey
Wojciech Szczęsny
Gylfi Sigurðsson
Yacine Brahimi
Marko Arnautović
Jordan Henderson
Max Kruse
Orestis Karnezis
Ljubomir Fejsa
Fernando Muslera
Vedran Ćorluka
Georginio Wijnaldum
Federico Fazio
Olivier Giroud
Branislav Ivanović
Javier Hernández
Beñat Etxebarria Urkiaga
Lars Bender
Axel Witsel
Kévin Gameiro
Claudio Bravo
Asmir Begović
Ronaldo Aparecido Rodrigues
Daniel Sturridge
Danny Rose
Carlos Vela
Emiliano Viviano
Gonzalo Castro
Samir Nasri
Ashley Williams
Leighton Baines
Andrea Consigli
João Filipe Moutinho
Benoît Costil
Raúl Albiol Tortajada
Joe Hart
Mario Gómez
Juan Francisco Torres Belén
Raffael Caetano de Araújo
Arda Turan
Fernando Luiz Rosa
David Villa Sánchez
Stephan Lichtsteiner
Rune Almenning Jarstein
Marcus Rashford
Gabriel Fernando de Jesus
Nélson Cabral Semedo
Gelson Dany Batalha Martins
Malcom Filipe Silva de Oliveira
Julian Weigl
Davinson Sánchez
Islam Slimani
Andrej Kramarić
Marcelo Brozović
Iñaki Williams Arthuer
Daniel Garcia Carrillo
Andreas Christensen
Joshua Kimmich
Armindo Tué Na Bangna
Domenico Berardi
Adrien Rabiot
Raphaël Guerreiro
Jamie Vardy
Hakim Ziyech
Michael Keane
Luiz Frello Filho Jorge
Héctor Bellerín Moruno
Jack Butland
Simone Zaza
Thomas Meunier
Felipe Anderson Pereira Gomes
Rafael Alcântara
José Ignacio Fernández Iglesias
Jasper Cillessen
Sergio Roberto Carnicer
Wissam Ben Yedder
Lucas Pérez Martínez
Ross Barkley
Cédric Bakambu
Wilfried Zaha
Marc Bartra Aregall
Serge Aurier
Sebastián Coates
Grzegorz Krychowiak
Kevin Kampl
Dejan Lovren
Younès Belhanda
Mário Figueira Fernandes
Ricardo Rodríguez
Jesús Corona
Mario Gaspar Pérez Martínez
Marcos Alonso Mendoza
Mario Götze
Lukáš Hrádecký
Asier Illarramendi
Oscar De Marcos Arana
Chris Smalling
Jack Wilshere
Sebastian Rudy
Manuel Lanzini
Kevin Trapp
Ryad Boudebouz
Ignacio Camacho Barnola
José Paulo Bezerra M. Júnior
Nikola Kalinić
Giuliano Victor de Paula
Diego Perotti
Marco Parolo
Konstantinos Mitroglou
Mamadou Sakho
Adil Rami
Stevan Jovetić
Séamus Coleman
Simon Kjær
Antonio Adán Garrido
Mathieu Valbuena
Simon Mignolet
Davide Astori
Kevin Mirallas
Andrés Guardado
Raúl García Escudero
Martin Škrtel
Steve Mandanda
Tom Heaton
Hatem Ben Arfa
Dante Bonfim Costa Santos
André-Pierre Gignac
Gabriel Fernández Arenas
Gonzalo Rodríguez
Darijo Srna
Bastian Schweinsteiger
Cédric Carrasso
Miguel Ángel Moyá Rumbo
Wayne Rooney
Per Mertesacker
Thiago Motta
Fernando José Torres Sanz
Samuel Eto&apos;o
Sergej Milinković-Savić
Youri Tielemans
Jemerson de Jesus Nascimento
Ángel Correa
Nabil Bentaleb
Alisson Ramses Becker
Alex Nicolao Telles
Julian Brandt
Kerem Demirbay
Daniele Rugani
Morgan Sanson
Samuel Castillejo Azuaga
Piotr Zieliński
Ricardo D. Barbosa Pereira
Alejandro Grimaldo García
Frederico R. de Paula Santos
Jonas Hector
Emre Can
Gerard Moreno Balagueró
Sead Kolašinac
Leandro Paredes
Kepa Arrizabalaga
Alassane Pléa
Taras Stepanenko
Oleg Shatov
Leonardo Carrilho Baptistão
Matija Nastasić
Denis Suárez Fernández
Michy Batshuayi
John Brooks
Šime Vrsaljko
Eric Fernando Botteghin
Loris Karius
Thorgan Hazard
Valère Germain
Layvin Kurzawa
Faouzi Ghoulam
Josip Iličić
Kevin Volland
Allan Marques Loureiro
Pablo Hernández
Dušan Tadić
Luis Muriel
Pablo Sarabia García
Alex Oxlade-Chamberlain
Josuha Guilavogui
Oğuzhan Özyakup
Yaroslav Rakitskyi
Phil Jones
Sergi Enrich Ametller
Norberto Murara Neto
Hugo Mallo Novegil
Daniel Didavi
Roberto Soriano
André Schürrle
Maxime Gonalons
Alphonse Areola
Roberto Pereyra
Kevin Vogt
Fabián Orellana
Alexandr Kokorin
Maicon Pereira Roque
Eduardo Salvio
Daley Blind
Stephan El Shaarawy
Michail Antonio
Iago Falqué Silva
Ander Iturraspe Derteano
Salomón Rondón
Daniel Filipe Martins Carriço
Marcel Schmelzer
James McCarthy
Alan Dzagoev
Paulo Henrique Chagas de Lima
Fedor Smolov
Danny Welbeck
Luiz Gustavo Dias
Mikel San José Domínguez
Matteo Darmian
Romain Thomas
Christian Benteke
Ibrahima Traoré
Sidnei Rechel da Silva Júnior
Jeremain Lens
Eder Citadin Martins
Francisco Casilla Cortés
Ignacio Monreal Eraso
Sven Bender
Augusto Fernández
Marcus Berg
Ignacio Piatti
Valter Birsa
Pedro León Sánchez Gil
Kevin-Prince Boateng
Iván Marcano Sierra
Héctor Moreno
Sergio Romero
Antonio Candreva
Domenico Criscito
Daniel Wass
Jonathan dos Santos
Erik Lamela
Ryan Bertrand
Renato Augusto
Jardel Nivaldo Vieira
Vitaliy Denisov
Dušan Basta
Gustavo Cabral
Gabriel Paletta
Theo Walcott
Łukasz Fabiański
Ben Foster
Vedad Ibišević
Karim El Ahmadi
Salomon Kalou
Manuel H. Tavares Fernandes
Andreas Granqvist
Lukas Podolski
Javier Fuego Martínez
Fernando Belluschi
Antonio Mirante
Vincent Enyeama
Federico Marchetti
Ricardo Izecson dos Santos Leite
James Milner
Atiba Hutchinson
Mehmet Topal
Jérémy Mathieu
Carlos Idriss Kameni
Phil Jagielka
Jermain Defoe
Júlio César Soares Espíndola
Michael Carrick
Miguel Almirón
Mikel Oyarzabal Ugarte
Francisco Soares dos Santos
Martín Campaña
Florin Andone
Marcos Acuña
Victor Lindelöf
Yoan Cardinale
Clément Lenglet
Mahmoud Dahoud
Davide Zappacosta
Nikola Maksimović
Emiliano Rigoni
Iván Marcone
Kingsley Coman
Stanislav Kritsyuk
Wylan Cyprien
Diego Javier Llorente Ríos
Anderson Souza Conceição
Leander Dendoncker
Max Meyer
José Luís Gayà Peña
Sofiane Boufal
Marco Benassi
Nicolás Tagliafico
Elseid Hysaj
João Pedro Cavaco Cancelo
Alessio Romagnoli
Óliver Torres Muñoz
Hakan Çalhanoğlu
Bertrand Traoré
Luciano Vietto
Maximilian Arnold
Serge Gnabry
Luke Shaw
Ben Davies
Edin Višća
Bernard Anício Caldeira Duarte
Daniele Baselli
Arkadiusz Milik
Juan Bernat Velasco
Willi Orban
Rubén Pardo Gutiérrez
Kurt Zouma
Christoph Kramer
José Luís Mendes Andrade
John Stones
Fernando Lucas Martins
Memphis Depay
Federico Fernández
Salif Sané
Nicola Sansone
Paul-Georges Ntep
Jeison Murillo
Gabriel Armando de Abreu
Vladimír Darida
Cédric Ricardo Alves Soares
Lorenzo Tonelli
Riccardo Saponara
Djibril Sidibé
Yevhen Konoplyanka
Lucas Digne
Francisco Alcácer García
José Vicente Gómez Umpiérrez
Emre Çolak
Nicolai Jørgensen
John Guidetti
Oriol Romeu Vidal
Manuel Agudo Durán
Bruno Martins Indi
Manolo Gabbiadini
Patrick Herrmann
Florian Lejeune
Jeffrey Bruma
Adrián San Miguel Castillo
Sergio Gontán Gallardo
Hernán Pérez
Jaume Vicent Costa Jordá
Sergio Escudero Palomo
Yunus Mallı
Sébastien Corchia
Juraj Kucka
Jeroen Zoet
Adem Ljajić
Sergio Canales Madrazo
Marwin Hitz
Mikel Balenziaga
Wilfried Bony
Iker Muniain Goñi
Benjamin Hübner
Francis Coquelin
Jonathas de Jesus Maurício
Gustavo Bou
Volkan Babacan
Seydou Doumbia
Christian Noboa
Igor Smolnikov
Maurício Santos Nascimento
Marco Fabián
Ron-Robert Zieler
Danny Drinkwater
Aleksandar Kolarov
Mariano Ferreira Filho
Sofiane Feghouli
Kyriakos Papadopoulos
Sandro Wagner
Pablo Piatti
Claudio Yacob
Angelo Ogbonna
Roberto Jiménez Gago
Nordin Amrabat
William Vainqueur
Marcelo Antônio Guedes Filho
Vitorino Pacheco Antunes
Fabricio Agosto Ramírez
Sebastian Prödl
Serdar Tasci
Fabian Johnson
Bojan Krkić Pérez
Marouane Fellaini
Pontus Wernbloom
André Ayew
David Ospina
Winston Reid
Lucas Pezzini Leiva
Zlatko Junuzović
Cristian Ansaldi
Victor Moses
Jorge Andújar Moreno
David Zurutuza
Diego Valeri
José Miguel da Rocha Fonte
Nuri Şahin
Gervais Yao Kouassi
Ryan Shawcross
Jonny Evans
Salvatore Sirigu
Asamoah Gyan
Yohan Cabaye
Danilo Larangeira
Nicolás Pareja
Ştefan Radu
David Abraham
Michael Krohn-Dehli
José Manuel Jurado Marín
Bafétimbi Gomis
Héctor Herrera
Anderson Luís da Silva
Vasiliy Berezutskiy
Igor Akinfeev
Igor Denisov
Alexandr Samedov
Xabier Prieto Argarate
Álvaro Negredo Sánchez
Andriy Pyatov
Pablo Zabaleta
Guillermo Ochoa
Willy Caballero
Vágner Silva de Souza
Michel Vorm
Daniel Baier
Heurelho Silva Gomes
René Adler
Patrice Evra
Stefano Sorrentino
Joaquín Sánchez Rodríguez
Tomáš Rosický
Gareth Barry
Emre Belözoğlu
Andrey Lunev
André Miguel Valente da Silva
Kasper Dolberg
Yeray Álvarez López
Christian Pulisic
Lucas Tousart
André Onana
Vincent Koziello
Nemanja Radoja
Valentin Rongier
Omar Al Soma
Franco Cervi
Jorge Meré Pérez
Jonathan Rodríguez Menéndez
Rick Karsdorp
Daniel Ceballos Fernández
Hirving Lozano
Raúl Michel Melo da Silva
Pau López Sabata
Matias Vecino
Antonio Sanabria
Rodrigo Battaglia
José Izquierdo
Theo Bongonda
Rúben Afonso Borges Semedo
Rafael A. Ferreira Silva
Maximilian Philipp
José Luis Morales Nogales
Ander Capa Rodríguez
Marco Sportiello
Lucas Alario
Duván Zapata
Darío Benedetto
Lisandro López
Matías Kranevitter
Alan Ruiz
Diego Laxalt
Divock Origi
Niklas Stark
Hernâni Jorge Santos Fortes
Iuri José Picanço Medeiros
Bruno Miguel Borges Fernandes
Roberto Gagliardini
Pedro Miguel Martins Santos
Carles Gil Pareja
Paulo André Rodrigues Oliveira
Alexander Szymanowski
Bruno da Silva Peres
Kevin Wimmer
Thomas Partey
Tiago Luis Volpi
Filip Kostić
Andreas Hugo Hoelgebaum Pereira
Andreas Samaris
Abdoulaye Doucouré
Guido Pizarro
Josef Martínez
Matthias Ginter
Jesse Lingard
Mitchell Weiser
Denis Cheryshev
Pedro Bigas Rigo
Dominique Heintz
Lucas Castro
James Ward-Prowse
Takashi Inui
Marcel Sabitzer
Benjamin Mendy
Raúl Jiménez
Emiliano Sala
Baptiste Reynet
M&apos;Baye Niang
Konstantinos Fortounis
Alejandro Pozuelo Melero
João Natailton Ramos dos Santos
Pavel Kadeřábek
Tonny Vilhena
Mohamed Elyounoussi
Leonardo Bittencourt
Jannik Vestergaard
Sergi Darder Moll
Diego Demme
Valentin Eysseric
Gastón Ramírez
David López Silva
Geoffrey Kondogbia
Ciprian Tătăruşanu
Milan Badelj
Aïssa Mandi
Ismaily Gonçalves dos S.
Agustín Marchesín
Łukasz Teodorczyk
José Carlos Coentrão Marafona
Benjamin Lecomte
Nacer Chadli
Mark Uth
Sebastian Rode
Marco van Ginkel
André Filipe Brás André
Danilo Luiz da Silva
Vincent Aboubakar
Charles Aránguiz
Luis Alberto Romero Alconchel
Raúl Rodríguez Navas
Kara Mbodj
Rodrigo Moreno Machado
Rogelio Funes Mori
Nicolás Lodeiro
Daniel Caligiuri
Simone Verdi
Enzo Pérez
Teófilo Gutiérrez
Charlie Austin
Borja González Tomás
Andros Townsend
Wahbi Khazri
Germán Pezzella
Guido Burgstaller
Thomas Delaney
Cenk Tosun
Koen Casteels
Emanuele Giaccherini
Romain Hamouma
Holger Badstuber
Marvin Plattenhardt
Andreu Fontàs Prat
Gökhan Töre
Celso Borges
Eliaquim Mangala
Xabier Etxeita Gorritxat.
Ben Mee
Rafael Pereira da Silva
Julian Baumgartlinger
Victor Sánchez Mata
Josef de Souza Dias
Markel Susaeta Laskurain
Etrit Berisha
Yannick Bolasie
Alfred N&apos;Diaye
Hugo Miguel Almeida Costa Lopes
Nicolas Nkoulou
Senad Lulić
Lautaro Acosta
Juan Francisco Moreno Fuertes
Rubén Rochina Naixes
Pavel Mamaev
Omar El Kaddouri
Artem Dzyuba
Denis Glushakov
Yann M&apos;Vila
Kwadwo Asamoah
Jefferson Montero
Keisuke Honda
Kieran Trippier
Elías Hernández
Kieran Gibbs
Fernando Reges
Nicolai Müller
Sebastian Langkamp
Moussa Sissoko
Fin Bartels
Raúl Bobadilla
Troy Deeney
Balázs Dzsudzsák
Maximiliano Pereira
Andy Carroll
Jose Holebas
Marek Suchý
Luiz Adriano Souza da Silva
Guilherme Alvim Marinato
Sung Yueng Ki
Pedro Mosquera Parada
Miguel Layún
Thomas Mangani
Esteban Granero Molina
Paul Baysse
Miguel Luís Pinto Veloso
Cristian Zapata
Marcelo Díaz
Nahuel Guzmán
Adrián Ramos
Vadis Odjidja-Ofoe
Matías Fernández
Eljero Elia
Steven Defour
Giovani dos Santos
Jack Cork
Sergey Ryzhikov
Yoann Gourcuff
Burak Yılmaz
Fran. Javier García Fernández
Kenneth Vermeer
Michael Bradley
Adriano Correia Claro
Clint Dempsey
Henry Briceldo
Benjamin Moukandjo
Alfreð Finnbogason
Juan Miguel Jimenez López
Lovre Kalinić
Neven Subotić
Nicolás Blandi
Pablo De Blasis
Matt Phillips
Martin Braithwaite
Alban Lafont
Diego Reyes
Iván Ramis Barrios
Valon Behrami
Cristian Portugues Manzanera
Guillaume Hoarau
Tranquillo Barnetta
Eric Maxim Choupo-Moting
Jesé Rodríguez Ruíz
Javier Pinola
Luís Hernández Rodríguez
Jonathan Castro Otto
Bořek Dočkal
Raphael William Anjos Rochedo
Mehdi Carcela-González
Leonardo Pavoletti
Franck Yannick Kessié
Daniele Bonera
Marcelo dos Santos Ferreira
Dalbert Chagas Estevão
Gareth McAuley
Alen Halilović
Nadiem Amiri
Ivelin Popov
Nicolás Burdisso
Wes Hoolahan
Sidney Adrián Pessoa Vidigal
Alper Potuk
Florentin Pogba
Mariano Andújar
Denys Boyko
André Carrillo
Marco Andreolli
Bruno González Cabrera
Óscar Duarte
Rúben Diogo da Silva Neves
Jozabed Sánchez Ruiz
Pablo Pérez
Gérson Adriano Gutierres Serra
Fernando Pacheco Flores
Mauricio Gamonales
Ronaldo Diego Esler Domingues
Vitor Hugo Franchescoli Souza
Tolgay Arslan
Oscar Wendt
Diego Carlos Santos Silva
Jordan Veretout
Dorlan Pabón
Juan Guilherme Nunes Jesus
Erik Durm
Giannelli Imbula
Marcel Risse
Luís Carlos Novo Neto
Bryan Ruíz
Jordi Amat Maas
Stefanos Kapino
Ján Ďurica
Benjamin Stambouli
Franco Armani
Charles Kaboré
Antonio Rukavina
Presnel Kimpembe
Sergio León Limones
Mohamed Elneny
Daniel Torres
Shinji Okazaki
Christophe Jallet
Yannis Salibur
Nathan Redmond
Alexandre Song
Leandro Castán da Silva
Klaas-Jan Huntelaar
Steven Berghuis
Víctor Vázquez Solsona
Mário Rui Silva Duarte
André Almeida Pinto
Loïc Rémy
Papa Alioune Ndiaye
Onur Kıvrak
Andrea Bertolacci
Alexandr Belenov
Andrija Živković
Mario Lemina
Gorka Iraizoz Moreno
Damien Da Silva
Diego Benaglio
Tomás Rincón
Yūya Ōsako
Lamine Sané
Carlos Gilberto do Nascimento Silva
Joshua King
Bartolomeu Quissanga
Juan Fernando Quintero
Alexander Meier
Timothée Kolodziejczak
Andrea Pirlo
Georges-Kévin Nkoudou
Martín Montoya Torralbo
Lucas Dalsaro
Kim Källström
Tomáš Vaclík
Matteo Politano
Mauro Zárate
Gökhan İnler
Marc Albrighton
Andre Gray
Fernando Marçal de Oliveira
Mathew Ryan
Alessandro Gamberini
Yoel Rodríguez Oterino
Silvan Widmer
Javier Aquino
Santiago Gentiletti
Carlos Sánchez
Gregoire Defrel
Tim Krul
Román Martínez
Johannes Geis
Paul Verhaegh
Brad Jones
Håvard Nordtveit
Renato Steffen
Bruno Miguel Semedo Varela
Makoto Hasebe
Yoshinori Mutō
Jhon Córdoba
Lasse Schøne
Roberto Rosales
Nicolas De Préville
Marcos Llorente Moreno
Yimmi Chará
Sebastián Torrico
Wallace Fortuna Santos
Ryan Babel
Jens Toornstra
Pedro Mba Obiang Avomo
Artur Boruc
Vlad Chiricheş
Sofiane Hanni
Cyril Théréau
Diego Rolán
Pedro Henrique Pereira da Silva
Bruno Miguel Boialvo Gaspar
Cristian Tello Herrera
Estevão Daniel Formoso Serpa
Sébastien Haller
Claudio Nuno Coíntra Calegari
Frederik Sørensen
Tim Howard
Jelle Van Damme
Leon Britton
Itumeleng Khune
Vincenzo Grifo
Tom Cairney
Sandro Ramírez Castillo
Fabian Delph
Joël Veltman
Aleksandar Dragović
Davy Pröpper
Jordan Pickford
Luis Carlos Correia Pinto
Victor Vinícius Coelho dos Santos
Zouhair Feddal
Jesús Vallejo Lázaro
Rafael de Souza Pereira
David García Santana
Javier Varas Herrera
Joe Allen
Amin Younes
Lucas Hernández
Aaron Mooy
José Gómez Campaña
Adelino André Vieira de Freitas
Robin van Persie
Wendell Nascimento Borges
Mauro Boselli
Youssouf Sabaly
Roman Weidenfeller
Jonas Hofmann
Harry Arter
Mauricio Lemos
Lourival Adnan Beretta Barbosa
Felipe Caicedo
Stefano Sturaro
Pablo Fornals Malla
Sergi Gómez Solà
Pontus Jansson
Alexey Berezutskiy
Lorenzo Pellegrini
Andrea Masiello
Mehmet Ekici
Allan Nyom
Sergey Ignashevich
Facundo Roncaglia
Patricio Hidalgado
Jonathan De Guzmán
Max Gradel
Mathieu Debuchy
Cristofer Candero
Simon Terodde
John Terry
José Luis Garcia del Pozo
James Morrison
Roman Zobnin
Fábio Alexandre Silva Coentrão
Joel Campbell
Cristhian Stuani
Abraham Veznera
Jetro Willems
Aaron Lennon
Tomas Lagardo
Fraser Forster
Stefano Okaka
Ricardo José Araújo Ferreira
Wes Morgan
Jordan Lukaku
Curtis Davies
Cheikhou Kouyaté
Nemanja Pejčinović
Michael Lang
Álvaro González Soberón
Jean-Louis Leca
Aymen Abdennour
Charles Dias De Oliveira
Edson Andre Sitoe
Francesco Magnanelli
Martin Hinteregger
Sardar Azmoun
Sebastián Driussi
Carlos Sánchez
Wesley Hoedt
Mariano Díaz Mejía
Perparim Hetemaj
Adnan Januzaj
Kenny Tete
Diogo José Teixeira da Silva
Bruno César Zanaki
Raphael Dias Belloli
Mame Diouf
Mirko Valdifiori
Rafael Tolói
Bastian Oczipka
Younousse Sankharé
Stefan Bell
Moussa Marega
Benjamin André
Abdul Rahman Baba
Marcos Paulo Mesquita Lopes
Steven Davis
Amadou Diawara
Everton Jorge Simão Resende
Henri Saivet
Yuri Berchiche Izeta
Jeffrey Gouweleeuw
Terence Kongolo
Ivan Radovanović
Sergio Álvarez Conde
Rui Pedro da Rocha Fonte
Martín Cáceres
Marco Höger
Scott Dann
Danny Latza
Santiago Arias
Onyinye Ndidi
Óscar Trejo
Vincent Janssen
Gaël Clichy
Cisterna Ruvios
Otávio Edmilson da Silva Monteiro
Jonjo Shelvey
Ruud Vormer
Leroy Fer
Jonatan Maidana
Ramiro Funes Mori
Steve Cook
Aurélien Chedjou
Sergio Álvarez Díaz
Lewis Holtby
Daryl Janmaat
Osvaldo Alonso
Ariclenes Da Silva Ferreira
Patrik Schick
Alessandro Schöpf
Jordy Clasie
Jérémy Ménez
Scott Sinclair
Ladislav Krejčí
Harry Maguire
Gonzalo Escalante
Romain Alessandrini
Shane Long
Saido Berahino
Imanol Agirretxe Arruti
Martin Harnik
Kamil Grosicki
Gastón Pereiro
Aarón Martín Caricol
Gino Morenda
Jelle Vossen
Boštjan Cesar
Dmitriy Tarasov
Ricardo Jorge da Luz Horta
Christopher Davilo
Ruben Ahumera
Pedro Alcalá Guirado
Alan Patrick Lourenço
João Maria Palhinha Gonçalves
Yuriy Lodygin
José Manuel Flores Moreno
Leon Bailey
Jonas Olsson
Matthias Lehmann
Julian Korb
Danny Ings
Lukas Rupp
Tobias Strobl
Marko Rog
Frank Fabra
Maxime Lestienne
Matías Alustiza
Javier Manquillo Gaitán
Nils Petersen
Renat Yanbaev
Rodrigo Rey
Tom Cleverley
Darren Fletcher
Jakub Jankto
Christian Atsu
Arturo Dembal
Javier López Rodríguez
Sam Vokes
Péter Gulácsi
Aatif Chahechouhe
Alexandre Luiz Reame
Etienne Capoue
Mario Pašalić
Ismaël Traoré
Bruno Fornaroli
Ivan Ordets
Davide Santon
Jairo Samperio Bustara
Cristian Riveros
Pascal Groß
Stefan Kießling
Germán Lux
Macnelly Torres
Mark Noble
Hélder Wander Sousa Azevedo Costa
Emerson Palmieri dos Santos
Geoff Cameron
Papy Djilobodji
Christian Fuchs
Bart Ramselaar
Fabian Frei
Alonso Candales
Giovanni Moreno
Renan Bardini Bressan
Alan Kasaev
Nawaf Al Abed
David Jefferson Seijalbo Vaz
Jesús Gámez Duarte
Robert Berić
Leonardo Ponzio
Mapou Yanga-M&apos;Biwa
Tony Jantschke
Wilson Bruno Naval Costa Eduardo
Alejandro Domínguez
Mattia Destro
Roberto Torres Morales
Muhamed Bešić
Mattia Caldara
Alexis Ruano Delgado
Diego Castro Giménez
Niklas Moisander
Anthony Mounier
Alejandro Gálvez Jimena
Édson Puch
Jonathan Calleri
Lucas Ocampos
Sebastián Cristóforo
Jay Rodriguez
Jérôme Roussillon
Héctor Villalba
Allan Saint-Maximin
A. Benjamin Chiamuloira Paes
Karl Toko-Ekambi
Yassin Ayoub
Albin Ekdal
Ludovic Baal
Ramón Ábila
Papa Kouli Diop
Marcos Díaz
Siphiwe Tshabalala
Luca Rossettini
Timmy Chandler
Federico Viviani
Filip Krovinović
Nemanja Nikolić
Jasmin Kurtić
Alexander Mejía
Gil Bastiao Dias
Jürgen Locadia
Cheikh N&apos;Doye
Timothy Fosu-Mensah
Benjamin van Leer
Soualiho Meïté
Oribe Peralta
Andrea Raggi
Lorenzo De Silvestri
Ronaldo Jailson Cabrais Petri
Alberto Paloschi
Daler Kuzyaev
Jürgen Damm
Guilherme dos Santos Torres
Rubens Sambueza
Gabriel Mercado
Siem de Jong
Gaël Kakuta
Eltildo Lucas Correia Pitta
Gabriel Barbosa Almeida
Mikhail Kerzhakov
Fabio Borini
Jan-Arie van der Heijden
Bill Hamid
Ciaran Clark
Jean-Paul Boëtius
Everton Jorge Andrade Zanon
Luca Cigarini
Riccardo Meggiorini
Michel Macedo Rocha Machado
James Collins
Darlington Nagbe
Sereso Geoffroy Gonzaroua Dié
Silvio Proto
Admir Mehmedi
Caner Erkin
Éder Macedo Lopes
Yassine Benzia
Anyelo Rolis
António Alberto Bastos Pimparel
Costel Pantilimon
Gianluca Lapadula
Dênis Rubens Stein Rebelo
Sergio Padt
Miralem Sulejmani
Marvin Matip
Lee Nguyen
Jozy Altidore
Luuk de Jong
Adrien Trebel
Marcus Coco
Khouma Babacar
Renato Júnior Luz Sanches
Matías Caruzzo
Munas Dabbur
Rosberto J. Dourado Santos
Mariano Izco
Paul Aguilar
Steve Mounié
Daniel Brosinski
Roger Martí Salvador
Dyego Wilverson Ferreira Sousa
Nabil Dirar
Jesús Dátolo
Sam Larsson
Billy Ketkeophomphone
Andrés Eduardo Fernández Moreno
Percy Tau
Alessandro Matri
Tin Jedvaj
Eneko Bóveda Altube
Fabian Lustenberger
Jordan Ayew
Marco Storari
Loïs Diony
Edgardo Codesto
Asier Riesgo Unamuno
Lucas Andersen
Alexandr Golovin
Laureano Thomas Santeiro Marre
Iago Herrerín Buisán
Gregory van der Wiel
Franco Mussis
Jakub Błaszczykowski
Lucas Deaux
Jagoš Vuković
Ermin Bičakčić
Leonardo Spinazzola
Anthony Knockaert
Peter Pekarík
Enner Valencia
Lee Cattermole
Hiroki Sakai
Ja Cheol Koo
Guram Kashia
Ron Vlaar
Sven Kums
Fábio Santos Martins
Éder Balanta
Manuel Schmiedebach
Gino Peruzzi
Maicón Marques Bitencourt
Nicolás Castillo
Levin Öztunali
Miloš Jojić
Santiago Mina Lorenzo
Giampaolo Pazzini
Washington Mansila
Mauricio Pereyra
Valentin Stocker
Juan Pablo Añor
Luca Antonelli
Kévin Théophile-Catherine
David Timor Copoví
Breel Embolo
Alexandre Letellier
André Hahn
Alfred Duncan
Marc Stendera
Andrea Ranocchia
Mauricio Isla
Josué Humberto Gonçalves Leal Sá
Thiago Maia Alencar
Bernardo Espinosa
Ismael Sosa
Nenad Tomović
Robbie Brady
Lazar Marković
Pablo Aguilar
Nick Viergever
Renato Civelli
Sebastian De Maio
Scott Brown
Darío Cvitanich
Aytaç Sulu
Romain Saïss
Maurício José da Silveira Júnior
Bernard Gabriel Prestão Chaves
Carlos Soler Barragán
Jon Ander Serantes Simón
Emmanuel Mas
Carlos Manuel Cardoso Mané
Aritz Elustondo
Fred Marcos Aníbal Dias
Óscar Romero
Nelson Arturo Reis Lopes
Víctor Laguardia Cisneros
Yussuf Poulsen
Aaron Cresswell
Michał Pazdan
Douglas Renato de Jesus
Víctor Camarasa Ferrando
Donny van de Beek
Paolo Hurtado
Jonas Martin
Óscar Murillo
Aythami Artiles Oliva
Erick Gutiérrez
Facundo Ferreyra
Adrián González Morales
Mërgim Mavraj
Aaron Hunt
Florian Niederlechner
Stefano Denswil
Ignacio Fernández
Arnaud Souquet
Selçuk İnan
Andy Delort
Joris Gnagnon
Daniele Gastaldello
Rodrigo Bistama
Dayro Moreno
Rachid Ghezzal
Carlos Eduardo de Oliveira Alves
Rémy Cabella
James Tarkowski
Fredy Montero
Charly Musonda
Álvaro Cejudo Carmona
José Juan Vázquez
Simon Francis
Welington Kauê Dano Nascimento
Oleksandr Kucher
Nampalys Mendy
Rodrigo Modesto da Silva Moledo
Hiroshi Kiyotake
Daniel Castelo Podence
Erdem Şen
Luca Villasoel
Matthew Lowton
Ricardo José Monteiro
Chancel Mbemba
Issa Diop
Dilan Labran
Cristiano Piccini
Łukasz Skorupski
Maxime Le Marchand
Lucas Torreira
Adrien Regattin
Marko Pjaca
Rémy Vercoutre
José Pedro Malheiro de Sá
François Kamano
Federico Cartabia
Dario Dainelli
Luka Milivojević
Nicolas Pallois
Rosberto J. Lafrentz
Benjamin Henrichs
Dennis Praet
Jonathan Orozco
Gelson Tavares Fernandes
André Gomes Magalhães Almeida
Christopher Jullien
Wanderson Souza Carneiro
Avilés Hurtado
Esteban Paredes
Mattia De Sciglio
José Luis Gómez
Žydrūnas Karčemarskas
Danilo Manuel Vieira Espíndola
Matthijs de Ligt
Javier Espinosa González
Omar Mascarell González
Carlos Izquierdoz
Haris Medunjanin
Thomas Heurtaux
Juan Manuel Iturbe
Giovanni Simeone
Emiliano Insúa
Celso Ortíz
Thomas Kraft
Iñigo Lekue Martínez
Dominik Kohr
Federico Higuaín
Bibras Natcho
Ibai Gómez Pérez
Wanderson do Carmo Carneiro
Yoric Ravet
Raúl Ruidíaz
Pere Pons Riera
Francesco Bardi
Otávio Henrique Passos Santos
Carlos Martínez Díaz
José de Jesús Corona
Carlos Zambrano
Ioannis Fetfatzidis
Aleix Vidal Parreu
Víctor García
Alberto Moreno Pérez
Diego Rico Salguero
José Márcio da Costa
Marc Muniesa Martínez
Samuel Saiz Alonso
Felipe Dal Bello
Seko Fofana
Enzo Roco
Alejandro Arribas Garrido
Gastón Lezcano
Eren Derdiyok
Dimitrios Siovas
Lukas Lerager
David Rodriguez Lombán
Mikel González Martínez
Thulani Hlatshwayo
Iván Cuéllar Sacristán
Fabrio Sandro Farinha Donatelo
Jonas Lössl
Ricardo Álvarez
Arthur Masuaku
Rolando Jorge Pires da Fonseca
Francisco Rico Castro
Caiuby Fr. da Silva
Gabriel Appelt Pires
Lior Refaelov
Yuriy Gazinskiy
Volkan Demirel
Jefferson Epazo
Miloš Ninković
Tom Huddlestone
Massimo Maccarone
Lamine Koné
James Chester
Diafra Sakho
Jorrit Hendrix
Michael Esser
Yannick Gerhardt
Robert Bauer
Simão Alvin Donatinho Garcia
Robin Knoche
Leon Balogun
Jimmy Durmaz
Nathan Aké
Osama Hawsawi
Fransérgio Rodrigues Barbosa
Jonathan Silva
Fayçal Fajr
Raul Jardelino
Matt Ritchie
Danijel Milićević
Federico Chiesa
Jorge Hernández
Jeff Hendrick
Marko Livaja
Philipp Bargfrede
Christian Träsch
Jordan Amavi
Eduardo dos Reis Carvalho
Ruslan Malinovskyi
Danilo D&apos;Ambrosio
Italo Herreras
Dimitri Liénard
Yohann Pelé
Héldon Augusto Almeida Ramos
Germán Conti
Wayne Routledge
Garry Mendes Rodrigues
Kévin Malcuit
Alexander Schwolow
Franco Di Santo
Grégory Sertic
Marvin Zeegelaar
Remo Freuler
José Luis Sanmartín Mato
Óscar Cardozo
Ömer Ali Şahiner
Stuart Armstrong
Robert Snodgrass
Francisco Geraldes
Leigh Griffiths
Gonzalo Castro
Jose Ignacio Peleteiro Ramallo
Riechedly Bazoer
Silas Enaldo Barros de Almeida
Milot Rashica
Andreas Beck
Genki Haraguchi
Oscar Budeaga
Róbert Mak
Christophe Kerbrat
Rafael Pinheiro Andrade Bittencourt
Álvaro Odriozola Arzalluz
Víctor Cáceres
Matías Silvestre
Hernan Lemonez
Ignacio Scocco
Alessandro Baia Marques
Liam Moore
Glen Johnson
Eugen Polański
Nicolás Spolli
Abel Aguilar
Slobodan Rajković
Tom Rogić
Gabriel Jairo Aníbal Rangel
Philipp Wollscheid
Hector Riffosas
Benny Feilhaber
Miguel Torres Gómez
Josué Filipe Soares Pesqueira
Matías Britos
Albano Bizzarri
Daley Sinkgraven
Leonel Vangioni
David García Zubiria
Henry Onyekuru
Orbelín Pineda
Sandro R. G. Cordeiro
Eduardo Vargas
Alireza Jahanbakhsh
Simão Alvin Acunha Bardini
Dejan Damjanović
Geoffrey Bia
Emmanuel Badu
Mikel Agu
Gaëtan Bussmann
Allan Norberto Bardini Paneira
André Filipe Luz Horta
Léo Dubois
Ole Kristian Selnæs
Abel Hernández
Alhassan Wakaso
Ailton Sérgio Guevara Muscato
Edinaldo Gomes Pereira
Paulo Sérgio Mota
Yuriy Zhirkov
Ezequiel Schelotto
João Pedro da Silva Pereira
Pablo Insua Blanco
José Fernando Viana de Santana
Nathaniel Chalobah
Rodolfo Pizarro
Gonzalo Martínez
André Luís Gomes Simões
Fernando Amorebieta
Adilson Patrick Edrada Pereira
Artur Ioniţă
Ashley Young
Claudio Pizarro
Andrés Ibargüen
Marten de Roon
Antonio Barreca
Sergiy Kryvtsov
Sebastián Pérez
Patrick van Aanholt
Gustavo Gómez
Amato Ciciretti
Edgar Antonio Méndez Ortega
Julio Leonardo Dourado de Freitas
Etienne Didot
Timofey Kalachev
Chris Brunt
Ahmed Hassan
Caio Rodrigo Nunes Anjos
Jérémy Morel
Bongani Zungu
Otávio Alberto Cairinho Monteiro
João Pedro G. Santos Galvão
Andrea Poli
Georgiy Schennikov
Leonardo Rodrigues Pereira
Nikola Vukčević
Valeri Qazaishvili
Ahmed Musa
Andrés Chávez
Younès Kaboul
Niko Bungert
Marko Marin
Bogdan Butko
Jorge Franco Alviz
Mahmoud Abdel Moneim
Munir El Haddadi
Giovanni Sio
Jeremy Toljan
Ola Kamara
Petros Mantalos
Santiago García
Sebastián Sosa
Andrea Conti
Sergio Tejera Rodríguez
Luan Vágner Boas Macedo
Maarten Stekelenburg
Mauro Dos Santos
Camilo Vargas
Abdelhak Nouri
Dmytro Chygrynskyi
Dwight Gayle
Cristian Abridego
Maximiliano Gómez
Saphir Taïder
Omar Elabdellaoui
Jano Ananidze
Stefan Ilsanker
Fabián Castillo
Luciano Narsingh
Andre Blake
Melvin Luan Parrela Porfírio
Nicholas Júlio Aldair Leal
Steven Zuber
Koffi Djidji
Kevin Cordesia
Jorgino Silas Ruiz Prestes
Alexandr Erokhin
Luca Rizzo
Evaristo Merraño
Mariano Barbosa
Bruno Daniel Castro Moreira
Emanuel Mammana
Bradley Wright-Phillips
Jesús Dueñas
Sebastián Blanco
Callum Wilson
Johnny Landiso
Ghislain Konan
Derlis González
Stéphane Sessègnon
Felipe Mora
Diego Ângelo de Oliveira
Christian Kabasele
Alexandru Maxim
Yerson Donosos
Hugo Ayala
Christian Mathenia
Matías Pérez García
Chris Wood
Nathan Dyer
Roman Shishkin
Sylvain Marveaux
Fabian Schär
Hamit Altıntop
Marcelo Martins
Rio Mavuba
Rafael Jorgino Cachoira Rebelo
Danny Simpson
Haris Seferović
Emil Hallfreðsson
Gelmin Rivas
Danilo Manuel Aldair Rochela
Jean Beausejour
Jake Livermore
Pierre Lees-Melou
Panagiotis Tachtsidis
Douglas Justino de Melo
Joaquín Navarro Jiménez
Roberto Inglese
Moussa Dembélé
Marcos Angeleri
Erik Pieters
Cássio Albuquerque Anjos
Ricky van Wolfswinkel
Matías Suárez
Keiren Westwood
Miguel Angel Britos
Björn Engels
Alex McCarthy
Antonio Cambrillo
Georgiy Dzhikiya
Daniel Castellano Betancor
Pierre-Emile Højbjerg
Baptiste Santamaria
Simone Scuffet
Emiliano Moretti
Okay Yokuşlu
Ivan Santini
Daniel Hernández Santos
Sebastian Jung
Daniel Amartey
Ramazan Özcan
Lino Lereas
Stijn Schaars
Mauricio Pinilla
Imoh Ezekiel
Martin Olsson
William Tesillo
Paolo Cannavaro
Giulio Donati
Yuya Kubo
Ola Toivonen
Emmanuel Emenike
Filip Đorđević
Rubén Blanco Veiga
Darko Lazović
Francisco Vidangosa
Pedro Tanausú Domínguez Placeres
Maya Yoshida
Danilo Cataldi
Christian Marrugo
Alan Pulido
Samuel García Sánchez
Frederico André Ferrão Venâncio
Jean-Philippe Gbamin
Vildan Guerra
Stefan Johansen
Aleksandar Mitrović
Francisco Femenía Far
Calum Chambers
Luca Rigoni
Miha Mevlja
Charlie Daniels
Enrique García Martínez
Konstantinos Stafylidis
Nana Asare
Sabin Merino Zuloaga
Cristian Rodríguez
Karl-Johan Johnsson
Ishak Belfodil
Simone Missiroli
Sergio Floccari
Emmanuel Gigliotti
Milan Škriniar
Andrey Eschenko
Jonathan Kodjia
Nuno Miguel Sousa Pinto
José Carlos Gonçalves Rodrigues
Rasmus Elm
Hasan Ali Kaldırım
Claudio Cordeso
Iván Piris
Fernando Monetti
Mubarak Wakaso
Volkan Şen
Ozan Tufan
Ivan Strinić
Yvon Mvogo
Kaíque Osvaldo Castro Rodrigues
Gaku Shibasaki
Will Hughes
Ibrahim Amadou
Fernando Lopes dos Santos Varela
Jefferson Nascimento
Eduardo Dinsol
Kelechi Iheanacho
Riad Bajić
Pirmin Schwegler
Bobby Wood
Jaume Domenech Sánchez
Viktor Fischer
Daniel Ginczek
Malang Sarr
Sacha Kljestan
Felipe Pardo
Christian Maggio
Salvador José Milhazes Agra
Jorge Figal
Valentin Vada
Andeson Jaime Trigo Gonçalves
Jérôme Gondorf
Mathias Jørgensen
Jonathan Walters
Ramy Bensebaini
Roberto Trashorras Gayoso
James McArthur
Serdar Aziz
Alberto Tomás Botía Rabasco
Stephen Ward
Sven Ulreich
Borja García Freire
Pedro Filipe Barbosa Moreira
Andrew Robertson
Matias Alcoraz
Brian Sarmiento
Erick Sebastião Laforte Medeiros
Rubén Salvador Pérez del Mármol
Herlyn Acevedo
Dominic Maroh
Angelo Baredia
Ridgeciano Haps
Karol Linetty
Theo Hernández
Ricardo Jorge Novo Nunes
Soslan Dzhanaev
Oumar Niasse
Ervin Zukanović
Nicolas Isimat-Mirin
Şener Özbayraklı
Antonio García Aranda
Mattheus A. Gama de Oliveira
Ádám Szalai
Adalberto Peñaranda
Bakary Koné
Timm Klose
Matz Sels
Simon Falette
Alessio Cerci
Theodor Gebre Selassie
Hans Vanaken
Ryan Mason
Oleg Ivanov
Eduardo Bolindos
Jorge Lopendañez
Serdar Gürler
Martín Mantovani
Andrew Surman
Stefano Sensi
Jordan Ferri
Julián Omar Ramos Suárez
Victor Martin Maia Padilha
David Jensen
Aminu Umar
Lucas Zelarayán
Nabil El Zhar
Kyle Naughton
Jefferson Lerma
Toni Leistner
Matheus Lima Magalhães
Isaac Becerra Alguacil
Ricardo Kishna
Marcel Halstenberg
James Tomkins
Lewis Dunk
Paolo Goltz
Deniz Türüç
Gonzalo Jara
Dmitriy Poloz
Jose Badamontes
Almog Cohen
Aiden McGeady
Sergio Cardenia
Kauê Enaldo Lima Rodrigues
Alberto de la Bella Madueño
José Alberto Cañas Ruíz-Herrera
Renato Neto Cardoso Porto
Franco Brienza
Zakaria Labyad
Cristian Chagas Tarouco
Juan Pablo Carrizo
Sebastião de Freitas Couto
Djavan da Silva Ferreira
Davi Alexandre Parrela Ferreira
Antonio Manuel Luna Rodriguez
Leandro González Pirez
Mislav Oršić
Sejad Salihović
Craig Dawson
Alberto Gilardino
Marc Schnatterer
Federico Carrizo
Marvin Compper
Omar Kharbin
Moustapha Sall
Yohan Benalouane
Jonathan Biabiany
Harun Tekin
Leonardo Pisculichi
Adrián López Alvarez
Giancarlo González
Préjuce Nakoulma
Willy Boly
Welthon Fiel Sampaio
Cristian Pavón
Carlos Villanueva
Godfred Donsah
Alberto Aquilani
Manuel García Sánchez
Jérémy Sorbon
Lucas Orbán
Sergio Araujo
Jonas Svensson
Kamohelo Mokotjo
Duirval Hélton Diniz Cabral
Johannes Hopf
Bryan Dabo
André Renato Soares Martins
Nikos Karelis
Vukašin Jovanović
Alejandro Bergantiños García
David Juncà Reñé
Rémy Riou
Lasse Sobiech
Miguel Ángel Guerrero Martín
Jaroslav Drobný
Afriyie Acquah
Richarlison de Andrade
Sven van Beek
Guillermo Maripán
Diego Braghieri
Besart Berisha
Angelo Esmael da Costa Júnior
Mathieu Dossevi
Leonardo B. Lohner Maia
Sidney Sam
Michael Gregoritsch
Victorino M. Acerval
Radosav Petrović
Adrian Corveto
Rodrigo Éder Serpa Conceição
Adam Clayton
Omar Ibrahim Othman
Marvelous Nakamba
Emiliano Velázquez
Jaime Romero Gómez
Abdul Majeed Waris
Marco Russ
Clément Grenier
Márcio Gonzaga de Azevedo
Jason Denayer
Fernando Navarro Corbacho
Pascoal Simão Muscato Vieira
Ricardo Laborde
Yevhen Seleznyov
Ádám Nagy
Joel Ward
Jonathan Schunke
Andrey Sinitsyn
Ashley Barnes
Abdoulaye Ba
Nicklas Bendtner
Jordan Adéoti
Saúl Berjón Pérez
Samuel Armenteros
Joe Neiroga
Claudio Beauvue
Daniel João Santos Candeias
Yasin Öztekin
Alexander Scholz
Danilo Barbosa da Silva
Emre Akbaba
Jesús Molina
Patrick Roberts
Maxime Lopez
Adam Maher
Darwin Machís
Marc-Oliver Kempf
Milton Casco
Caio Bruno Milaçar Kenedy
Víctor Álvarez Delgado
Babacar Sarr
Goran Pandev
Joaquín Correa
Luigi Sepe
Motaz Hawsawi
Ben Watson
Juan Carlos Pérez López
João Miguel Coimbra Aurélio
Salman Al Faraj
Guido Carrillo
Ayoze Pérez Gutiérrez
Cristian Rodrigo Nevorrete
Corentin Jean
Jiří Pavlenka
Valon Berisha
Gian Marco Ferrari
Gustav Svensson
Gerso Fernandes
Rubén Peña Jiménez
Néstor Araujo
Enaldo Diogo Barbosa Prazeres
Serkan Kırıntılı
Enzo Crivelli
Franko Andrijašević
José María Basanta
Diego Farías da Silva
Domenico Maietta
Alberto Lora Ramos
Rômulo Souza Orestes Caldeira
Lewis Baker
Andy Najar
Clinton Njie
Tanguy Ndombele
Anaitz Arbilla Zabala
Tolga Ciğerci
Guillermo Celis
Nico Elvedi
Olcay Şahan
Pierre-Michel Lasogga
Matt Besler
Frederik Rønnow
Marcelo Augusto Ferreira Teixeira
Diego Falcinelli
Maximiliano López
André Geraldes de Barros
Ilya Maksimov
Claudemir Domingues de Souza
Benoît Poulain
Luís Rafael Soares Alves
Raúl Fdez-Cavada Mateos
Louis Schaub
Peter Crouch
Víctor David Díaz Miguel
Jailson Michel Caeiro Meireles
Giovanni Daralla
Taras Mykhalyk
Nicolás Vikonis
Francisco José Olivas Alba
Maxim Kanunnikov
Aleksandar Prijović
Luciano Abecasis
Matheus Fellipe Costa Pereira
Felix Wiedwald
Facundo Pereyra
Kel Bruno Pereira Negrão
Ludovic Butelle
Rémi Walter
Erick Evaldes
Hugo Goiteira Regalo
Serge Gakpé
Matías Laba
Fábio Kel Melo Feijó
Damián Suárez
Robin Quaison
Ricardo Centurión
Tobias Sippel
Chul Hong
Benik Afobe
José Emerson Mirazar Coelho
Gabriel Peñalba
Marco Rojas
Diego Mariño Villar
Carles Planas Antolínez
Jin Su Kim
Gamadiel Contreso
Kaíqundo Calado Dimas
Matt Hedges
Ahmet Çalık
Joe Ledley
Miguel Ángel Herrero Javaloyas
Sylvester Igboun
Eren Albayrak
Charlie Adam
Narciso Barresta
Antonio Latorre Grueso
Hyun Jun Suk
Tom Ince
Víctor Rodríguez Romero
David Rodríguez Sánchez
Jirès Kembo-Ekoko
Siniša Anđelković
Aleksandar Katai
Élton José Xavier Gomes
Christian Clemens
Saulo Decarli
Alexey Miranchuk
Martín Nervo
Krzysztof Mączyński
Damir Kreilach
Abraham González Casanova
Nelson Fuenzas
Tunay Torun
Jorge Marco de Oliveira Morais
Urby Emanuelson
Diego Vera
Benjamin Nivet
Lionel Carole
Fahad Al Muwallad
Daniel Congré
Michael Rensing
Renato João Saleiro Santos
Àngel Rangel Zaragoza
Paolo Retomal
Marlon Lourival Nideiro Cintra
Brecht Dejaegere
Jacson João Zonta Filho
Joel Robles Blázquez
Jaïro Riedewald
Zhi Zheng
Edwin Cardona
Juan Martínez
Leonardo Miguel Garcia Caldeira
Trent Sainsbury
Nico Schulz
Alvin Severino Sousa Diniz
David Neres Campos
James McClean
Filip Đuričić
Edgar Barreto
Firmin Ndombe Mubele
Mimoun Mahi
Viktor Kovalenko
Jozo Šimunović
Vito Mannone
Delvin N&apos;Dinga
Alex Meret
César Montes
Miroslav Radović
Diego Valdés
José Cuadrado
Fabiano Ribeiro de Freitas
Ike Opara
Claudiano G. Sobrino Guevara
Hélton Luiz Celanova Vieira
Boukary Dramé
Raúl García Carnero
Luca Caldirola
Mark Milligan
Duje Čop
Omar Gonzalez
Eric Bicfalvi
Erick Ronaldo Gameira Carvalho
Mevlüt Erdinç
Nosakhare Igiebor
Pol Mikel Lirola Kosok
Wayne Hennessey
Ellyes Skhiri
Bruno Alexandre Vieira Almeida
Alexander Büttner
Niklas Hult
Rúben Miguel Nunes Vezo
Andrés Pérez
Matheus Jadson Vidigal Morais
Josip Drmić
Allan McGregor
Rúben Tiago Rodrigues Ribeiro
Gabriele Angella
Alyaksandr Martynovich
Ilja Nestorovski
Cristiano da Silva
Luca Zuffi
Emilio Alex Piodão Esser
Sebastian Larsson
José Luis Palomino
Scott Carson
Gabriel Torje
Shane Duffy
Sergio Postigo Redondo
Eduardo Peñarendi
Edvaldo Flávio Rebelo de Freit
Anders Christiansen
Gōtoku Sakai
Romain Brégerie
Vasco Herculano Cunha Fernandes
Diogo José Figueiras
David Accam
Anwar El Ghazi
Enrique Triverio
Brian Rasaldo
Mikel Villanueva
Cengiz Ünder
Thiago Henrique Mendes Ribeiro
Pablo Barrientos
Filipe Augusto Carvalho Souza
Pierrick Capelle
Hugo Rodallega
Alexandru Epureanu
Milton Caraglio
Brice Dja Djédjé
Paulo Henrique Soares dos Santos
Maurício de Carvalho António
Craig Gordon
Alberto Costa
Nélson Miguel Castro Oliveira
Thomas Monconduit
Javier Eraso Goñi
Moussa Konaté
Wilmar Barrios
Jeferson Fernandes Macedo
Andrea Costa
Nicola Rigoni
Vladimir Gabulov
İrfan Can Kahveci
Sebastião Erick Couteira Baía
Miguel Jesus Rosa
Walace Souza Silva
Raúl Albentosa Redal
Manuel Locatelli
Viktor Vasin
Chinedu Obasi
Diego Percidino
Cesar Despredal
Kauã Ricardo Abranches Simões
Zoltán Gera
José Manuel Rodríguez Benito
Casimir Ninga
Ramadan Sobhi
Thievy Bifouma
Adam Masina
Daniel Schwaab
Vincent Bessat
Matthias Ostrzolek
Abraham Naranjeda
Nicolás Júlio Formido Paiva
Ezequiel Cerutti
Pablo Hernández Dominguez
Jakob Johansson
Andrey Semenov
Rodrigo Javier De Paul
Jaílton Alves Miranda
Jonás Ramalho Chimeno
Kléber Laube Pinheiro
Ewerton José Almeida Santos
Juan Carlos Gustaldo
Daniel Pacheco Lobato
Dennis Aogo
Manuel Meñarez
Stefan Ristovski
Rafael Cabral Barbosa
Sérgio Miguel Relvas de Oliveira
Diego Rigonato Rodrigues
Ousmane Dramé
Konstantinos Lamprou
Marc Janko
Clarence Sortomayrés
Vladislav Ignatiev
Ryder Matos Santos
Zainadine Chavango Júnior
Abdou Razack Traoré
Alejandro Martínez Sánchez
Marcelo Larrondo
Alex Iwobi
Carlos Salcedo
Timo Baumgartl
Brad Guzan
Jonathan Urretaviscaya
Lorenzo Melgarejo
Gonçalo Manuel Ganchinho Guedes
Jorge Ortiz
Anderson Plata
Leonardo Ulloa
Eloy Room
Takashi Usami
Fábio Ricardo Gomes Fonseca
Fábio Rafael Rodrigues Cardoso
Hélder Jorge Rodrigues Barbosa
Sofyan Amrabat
Rodrigo Mora
Rubén Botta
Amath Ndiaye Diedhiou
Albert Adomah
Nélson Ricardo Rodrigues Lenho
Levan Mchedlidze
Adama Soumaoro
Steven Bergwijn
Juan Forlín
Lacina Traoré
Tomáš Kalas
Aitor Sanz Martín
Júnior Fernandes
Mitchell Langerak
Tiago Miguel Baía Pinto
Pedro Gallese
Shin Wook Kim
Neil Taylor
Uğur Demirok
Dale Stephens
Thabo Matlaba
Mikel Merino Zazón
Marc Roca Junqué
Diego Biseswar
Yasser Al Shahrani
Sloan Privat
Uílson de Souza Paula Júnior
Guillermo Sara
Antonio Ríos
Oussama Tannane
Rene Ribagaso
Igor Armaş
Fabrizio Cacciatore
Ricardo van Rhijn
Felix Bastians
Sibusiso Vilakazi
Victorino M. Magela Sá
James Troisi
Kei Kamara
Musa Çağıran
Kirill Nababkin
Giovani Lo Celso
Mouctar Diakhaby
François Moubandje
Gökdeniz Karadeniz
Taiseer Al Jassam
Marcel Heller
Vincent Pajot
Daniel Bocanegra
Warner Hahn
Adriano Leandro Soares Taffarel
Denis Stracqualursi
Bram Castro
James Forrest
Ogenyi Onazi
Thomas Strakosha
Çağlar Söyüncü
Enis Bardhi
Ken Reichel
Tiago Manuel Dias Correia
Molla Wagué
Marcelo Galvarado
Kieran Tierney
Neeskens Kebano
Michael Salcatorini
Bruno Ferreira Bonfim
Leandro Romagnoli
Isaac Brizuela
Daniele Croce
Agustin Jelverado
Mikel Rico Moreno
Milan Biševac
David Stockdale
José Ángel Valdés Díaz
Vladislav Stoyanov
Harry Winks
Paolo Ketlun
Kevin Großkreutz
Muhammet Demir
Eduardo Gottardi
Darío Lezcano
Kirill Panchenko
Jason Puncheon
Àlex Granell Nogué
Gojko Cimirot
Ravel Morrison
Kaíqundo Moncora
Adolfo Heitor Padilha Alves
Lazaros Christodoulopoulos
Robin Olsen
Laurent Depoitre
Alejandro Bedoya
Alaixys Romao
Dax McCarty
Marco Sau
Julian Schieber
Naïm Sliti
Martin Ødegaard
Zdravko Kuzmanović
Franco Jara
Gabrìel Vasconcellos F.
Marios Oikonomou
Juan Pedro Ramírez López
Adama Niane
Dennis Diekmeier
Guillermo Burdisso
Rodrigo Ely
Martín Benítez
Romain Salin
Seung Joon Kim
Johnny Herrera
Joost van Aken
Geoffrey Jourdren
Yusuf Yazıcı
Maximiliano Velázquez
David Marshall
Jesus Fabrício Andrade Simões
Paul-José Mpoku
Rafael Santos Borré
Mark Peñazco
Ben Gibson
Ali Çamdalı
Jordan Ikoko
Marko Dmitrović
Sone Aluko
Philipp Max
Fernando Uribe
Gerson Suleziano
Julien Féret
Ki Hun Yeom
Andrés Cubas
Enes Ünal
Leonardo de Matos Cruz
Ivan Obradović
Florian Kainz
Jamaal Lascelles
Bartosz Białkowski
Johan Guerredero
Oier Sanjurjo Maté
Arouna Koné
Mauro Díaz
Pione Sisto
Alexandr Selikhov
Mike Jensen
José Pedro Fuenzalida
Mbaye Leye
Jae Sung Lee
Glenn Whelan
Omar Colley
Alan Desenda
Yoan Gouffran
Juan Villar Vázquez
Kendall Waston
Mile Jedinák
Renaud Cohade
Luciano Pocrnjic
Salih Uçan
Deivson Rogério Da Silva
Laurent Ciman
Roberto Hilbert
Justin Meram
Nicolae Stanciu
Giakumis Gutierrez
Ersan Gülüm
Florian Grillitsch
David Omar Rodríguez Barrera
Valber Albarado
Mathieu Peybernès
Diego González
Derrick Luckassen
Federico Peluso
Laurent Pionnier
Rodolfo Cota
Paul Lasne
Mamadou Samassa
Artem Rebrov
Moses Simon
Bruno Alexandre Vilela Gama
Fidel Chaves de la Torre
Artur Yusupov
Ricardo Sousa Esgaio
Éder Marvin Oliveira Simão
Federico Ricca
David Simón Rodríguez Santana
Hrvoje Milić
Albert Rusnák
Didier Ndong
Ricardo Jorge Pinto da Silva
Djalma Braume Manuel Abel Campos
Antonino Ragusa
Alfred Gomis
Yohan Mollo
Michael Dawson
António José Pinheiro Carvalho
Daniele Padelli
Duško Tošić
Thulani Serero
Tim Sparv
Jonathan Hogg
Vincent Manceau
Alexander Djiku
Sergio Sánchez Ortega
Álvaro Medrán Just
Kevin Molino
Enaldo Charles Toxeto Reis
Gorka Elustondo Urkola
Bojan Jokič
Jonathan Schmid
Moisés Gómez Bordonado
Christopher Samba
Edmilson Junior Da Silva
Stijn Wuytens
Milad Mohammadi
Laureano Sanabria Ruiz
David Ousted
Tendai Ndoro
Jaromír Zmrhal
Unai Núñez Gestoso
Henri Lansbury
David Yurchenko
Lei Wu
Gabriel Boschilia
Chan Hee Han
Junior Stanislas
Marc Wilson
Syarhey Palitsevich
Oussama Assaidi
Jamie Maclaren
Gaetano Letizia
George Friend
Damián Pérez
Manuel Pasqual
Masato Morishige
Ilombe Mboyo
Samuel Holmén
Breno Ronaldo Duarte Catarino
Carlos Santos Rodrigues
Oscar Ustari
Pajtim Kasami
Lorenzo Pasciuti
Alexander Mesa Travieso
Bruno Manuel Araújo Braga
Matt Miazga
Miguel Ángel De las Cuevas
Kai Havertz
Sergiy Rybalka
Giorgi Makaridze
Johnathan Aparecido Silva
Beram Kayal
Mathieu Michel
Antonio Di Gaudio
Andreas Johansson
Nelson Acevedo
Karim Ansarifard
Daniel Bessa
Carlos Carbonero
José Manuel García Naranjo
Juan Martín Lucero
Davide Calabria
Douglas Franco Teixeira
Santiago Vergini
Miguel Ángel Garrido Cifuentes
Kengo Nakamura
Maximiliano Rocora
Oleksandr Rybka
Marko Vejinović
Mohammed Al Sahlawi
Federico Ceccherini
Pietro Maurício Mendes Abranches
Hector Matias Donadell
Vincent Nogueira
Luca Siligardi
Konstantinos Laifis
Dennis Appiah
Ryan Gauld
Clecildo Rafael Martins Ladislau
Chris Löwe
Julio Furch
Remko Pasveer
Sébastien Siani
Franck Tabanou
Francisco Silva
Sinan Gümüş
Salman Muwashar
Jaime Tomás Abravanel Mestres
Jonathan Delaplace
Reto Ziegler
Lucas Domingues Piazon
André Alexandre Carreira Sousa
Miguel Flaño Bezunartea
Fábio José Ferreira Pacheco
Paul McShane
Luc Castaignos
Matheus Uribe
Frederico Peter Cabral Bardini
Mateus Galiano da Costa
Idrissa Mandiang
Diego Barreto
Almamy Touré
Clément Chantôme
Tom Lees
Rodrigo Galo Brito
Emil Krafth
Diego González Polanco
Ryan Jack
Leonardo Jara
Gastón Fernández
Benjamin Pavard
Jonny Hayes
Fedor Kudryashov
José Rodolfo Pires Ribeiro
Simon Zoller
Ilya Kutepov
Mario Hermoso Canseco
Ricardo Noir
Miler Bolaños
Joey Pelupessy
Rafael Dartés
Jeremiah St. Juste
Elias Thiago Fontoira Marques
Lorenzo Crisetig
Arnold Kruiswijk
Jordan Marié
Romario Benzar
Rudy Gestede
Alex Pritchard
Romain Philippoteaux
Britt Assombalonga
Sébastien Pocognoli
Christoph Moritz
Ivan Cavaleiro
Maximiliano Urruti
Daniel Ciofani
Willard Katsande
Luke Ayling
Maximiliano Caire
Kenneth Saief
Aarón Ñíguez Esclápez
Greg Cunningham
Marcos Alam Paneira Almeida
Mikael Lustig
Kyle Bartley
Gerardo Alcoba
Kévin Monnet-Paquet
Reinhold Yabo
Enzo Kalinski
Ja Ryong Koo
Nicolás Sánchez
Matteo Bianchetti
Famara Diedhiou
Filip Novák
Lucas Pedro Alves de Lima
Calmon Wergiton do Rosário
Michael Santos
Santiago Ascacibar
Alexander Fransson
Muriel Gustavo Becker
Atsuto Uchida
Federico Di Francesco
Júlio César Pires Feitosa
Néstor Susaeta Jaurrieta
Fausto Antonio Tienza Nuñez
Vinicius Lúcio Cardenha Caeiro
Craig Gardner
Osmar Ibañez Barba
Yuto Nagatomo
Oliver Sorg
Lukáš Vácha
Vid Belec
Hans Gombez
Graham Dorrans
Alberto García Cabrera
Joel Obi
Conor Hourihane
Brandley Kuwas
Steeve Elana
Iván Balliu Campeny
Kalifa Coulibaly
Leandro Trossard
Axel Tuanzebe
Boaz Myhill
Michel Rovero
Wellingt. Edson Sabrão Rolim
David Remeseiro Salgueiro
Erik Sviatchenko
Ariel Rojas
Richard Ortiz
Christopher Buchtmann
José Luís Moreno Barroso
Jérémy Perbet
Sergio Pellissier
Gregory Fabianos
Kelvin Amian Adou
Guillermo Fernández
Mu Kanazaki
André Castro Pereira
Luis Fuentes
Jae Sung Lee
Alexander Ring
Andreas Isaksson
Osvaldo Murilo Lodeiro Ferreira
Nicolas Douchez
Ezequiel Muñoz
Cristian Molinaro
Orlando Carlos Braga de Sá
Osvaldo Martínez
Alberto Guitián Ceballos
Hlompho Kekana
Danilo Senderón
Fabiano Elton Sonta Pessoa
Mathieu Coutadeur
Mitchell Dijks
Farid Díaz
Ross McCormack
Romain Danzé
Carlos Clerc Martínez
Federico Dionisi
Stipe Perica
Johan Djourou
Rubén García Santos
Ailton Jonas Valpaços Salazar
Joo Ho Park
Sergey Petrov
Ryan Donk
Alexandru Chipciu
Willem Janssen
Darwin Florada
Achraf Lazaar
Matías Fritzler
Daniel Montenegro
Bartosz Bereszyński
Ørjan Nyland
Uroš Spajić
Richard Keogh
Frédéric Sammaritano
Santiago García
José Verdú Nicolás
Jonathan Fabbro
Jair Pereira
Rasmus Falk Jensen
Sanjin Prcić
André Ramalho Silva
Jefferson Duque
Jorge Pietro Carvalho Porfírio
Edgar Miguel Ié
Jorge Moreira
Alexander Esswein
Jakub Brabec
Damien Delaney
Ismaïla Sarr
Marco Motta
Liassine Cadamuro
Joris van Overeem
Jaime Mata Arnaiz
Igor Lewczuk
Felix Kroos
Dario Escalonas
Welinton Souza Silva
Lukáš Pokorný
Oriol Riera Magem
Robson Tony Denho Serra
Javier Gandolfi
Alexandr Bukharov
Miguel Ângelo da Silva Rocha
Markus Rosenberg
Pierre Bengtsson
Gianluca Caprari
Gabriel Hauche
Miguel Coldado
Máximo Banguera
Ashley Westwood
Camillo Ciano
Andrés Andrade
João José Pereira da Costa
Tomasz Kuszczak
Georgi Milanov
Pedro Rocha Neves
Régis Gurtner
Samir Caetano de Souza Santos
Waldemar Anton
Dmitriy Kombarov
Jóhann Berg Guðmundsson
Mato Jajalo
Hany Mukhtar
Unai Bustinza Martinez
Franck Berrier
Gérson Fábio Noalha Rochela
Bernardo Fernandes
Morgan Amalfitano
Tarik Elyounoussi
Alexander Gerndt
Oswaldo Vizcarrondo
Felix Klaus
Olarenwaju Kayode
Jorge Molina Vidal
Bilal Başaçıkoğlu
Miguel Fraga
Onur Kaya
Fabricio Coloccini
Kevin Möhwald
David Silva
Fabio Ceravolo
Angelo Rodríguez
Jacek Góralski
Ruud Boffin
Andreas Ulmer
Jérémy Pied
Laurens De Bock
Mike van der Hoorn
Graeme Shinnie
Camilo Mayada
Manuel Lazzari
Hugo González
Fegor Ogude
Gaëtan Laborde
Walker Zimmerman
Scott Arfield
Alfonso González
Olivier Veigneau
Gustavo Rafael Outomouro Tófoli
Cheick Doukouré
Fabián Sambueza
Fabián Rinaudo
Siebe Schrijvers
Jaroslav Plašil
Alex Smithies
Alexander Barboza
Tom Davies
Silviu Lung
Darron Gibson
Gary Hooper
Federico Santander
Niclas Füllkrug
Leandro Freddy Vivenço Morais
Aldo Leão Ramírez
Sebastien Dewaest
Jefferson Cuero
Ronei Gleison Rodrigues Reis
Justin Kluivert
Alejandro Donatti
Michael Barrios
Lukas Klostermann
Guido Rodríguez
Knowledge Musona
Tiago Alves Sales
Sékou Sanogo
Maximiliano Meza
Walter Segrado
Vitor Hugo Gomes da Silva
David Martins Simão
Vincent Le Goff
Thomas Foket
Erick Pulgar
Hernán Menosse
Andrés Felipe Roa
Artur Jędrzejczyk
Jonny Howson
Toni Šunjić
Johan Arango
Wuilker Faríñez
Silvestre Gonçalves Varela
Tore Reginiussen
Juan Mercier
Tiago Almeida Ilori
Benjamin Chris Meseira Zonta
Markus Suttner
Kristoffer Nordfeldt
Jores Okore
Tomáš Hořava
Jesper Hansen
Kehinde Fatai
Semih Kaya
Alberto Rodríguez
Misael Celtejo
Gustavo Rafael Lobateiro Gomes
Charles Marcelo da Silva
Carl Jenkinson
Karim Rekik
Francisco Cerro
Andrea Petagna
Glenn Murray
Jerónimo Figueroa Cabrera
Stefan Mitrović
Andrés Mosquera
Evandro Sérgio Rochedo Paulino
Mauricio Sperduti
Dany Cure
Mohamed Diamé
Leandro Chichizola
Hamari Traoré
Djamel Mesbah
José Ángel Crespo Rincón
Tomáš Hubočan
Alexey Ionov
Ruslan Kambolov
Michel David Cruceiro Muscato
Mahmut Tekdemir
Javier Castellano Betancor
Giorgi Loria
Darwin Quintero
Milovan Jimañez
Luiz Araújo
Jacopo Sala
Ibragim Tsallagov
Aziz Bouhaddouz
Christian Santos
Hanno Behrens
Mike Maignan
Adrien Thomasson
Luca Mazzitelli
Marcello Gazzola
Callum McGregor
Freddy Hinestroza
Alfie Mawson
Frédéric Guilbert
Stefan Aigner
Jack Colback
Bruno Saltor Grau
Marlon da Silva Barbosa
Anton Shunin
Alan Judge
Ariel Marelos
Moritz Leitner
Filippo Falco
Adrián Marín Gómez
Óscar Estupiñán
Necip Uysal
Joshua Brenet
John O&apos;Shea
Bernardo Peñena
Massimo Gobbi
Solomon Kverkvelia
Fanendo Adi
Christopher Schindler
Diego Arias
Joao Aterola
Yusuf Erdoğan
Paulo Sérgio Betanin
Nils-Eric Johansson
Romain Amalfitano
Walter Erviti
Enrique González Casín
Lucas Janson
Juan Camilo Zúñiga
Konstantin Rausch
Thomas Touré
Edgar Del Carro
Mateo Guidaros
André Franck Zambo Anguissa
Deiver Machado
Gen Shoji
Srdjan Plavšić
Daniel Villalva
Adam Smith
Michael Krmenčík
Manuel Pucciarelli
Janik Haberer
Mykyta Shevchenko
Rodrigo Alvaro Mantores
Alberto Bueno Calvo
Seung Gyu Kim
Aden Flint
Simone Padoin
Jack Rodwell
Aras Özbiliz
Mauro Silva Sousa
Miloš Veljković
Isaac Success
Ismaël Diomandé
Vincent Laurini
Alejandro Lopez Sanchez
Deniz Kadah
Aziz Behich
Birkir Bjarnason
Dan Gosling
Marco Bizot
Leandro Castellanos
Nolan Roux
Timo Letschert
Samba Sow
Danilo Fernando Avelar
Julian Jeanvier
Claudio Terzi
Hassan Yebda
Junior Alonso
Alejandro Berenguer Remiro
Jerry Mbakogu
Egemen Korkmaz
Yu Kobayashi
Cayetano Bonnin Vásquez
Mathieu Bodmer
Peter Ankersen
Jack Grealish
Dimitrios Pelkas
Luiz Marcelo Morais dos Reis
Leandro Fernández
Marc Pugh
Yalçın Ayhan
Marcel Tisserand
Nejc Skubic
Mirco Antenucci
Pablo Candiyana
Pierre Tomás Torres De Faria
Tammy Abraham
Roman Neustädter
Marc Rzatkowski
Riza Durmisi
Fernando Tobio
Ben Pearson
Rodrigo Alvaro Henriques
Nivaldo Mateus Serpa Pombal
Álvaro Vázquez García
Carlos Carmona Bonet
Damien Marcq
Raúl Lizoain Cruz
Lucas Villafañez
Samuel Gigot
Eric Madrez
Darko Brašanac
Ludovic Blas
Marcel Büchel
Ryan Fraser
Oscar Hiljemark
Ayron del Valle
Luca Marrone
Viktor Claesson
Filip Helander
Alexander Alegría Moreno
Hernani Azevedo Júnior
Pape Souaré
Adama Traoré Diarra
Ondrej Duda
Junior Dorlans
Fernando Forestieri
Timmy Simons
Erik Johansson
Hélder Filipe Oliveira Lopes
Ludwig Augustinsson
Mario Antonio Rancoret
Jordens Peters
Gianluca Sansone
Martin Linnes
Simon Tibbling
Oleg Kuzmin
Mamadou Sylla
Mads Albæk
Joao Plata
Wout Weghorst
Junya Ito
Tolga Zengin
Nicolas Penneteau
Fábio Miguel Santos Sturgeon
Dino Segoviniozo
Jérémy Clément
Marvin Bakalorz
Ali Al-Habsi
Raphael Holzhauser
Benjamin Verbič
Nikola Stojiljković
Jermaine Jones
Mike Frantz
David Soria Solís
Alessandro Micai
Lucas Goterio
Oswaldo Germano Cuba Correia
Anthony Limbombe
Mbwana Ally Samatta
Arnold Mvuemba
Kevin McDonald
Jimmy Cabot
Damián Musto
Douglas Luiz Soares de Paulo
Vassilis Torosidis
Rúben Rafael Sousa Ferreira
Jean Ermeño
Zinédine Machach
Diego Rodríguez
Luciano Lollo
Andreas Cornelius
Kerim Frei
Charlie Taylor
Sergi Samper Montañá
Ahmed Hegazy
Robin Lod
Mehdi Lacen
Demarai Gray
Cyle Larin
Peter Etebo
Mathew Leckie
Pablo Chavarría
Ademilson Braga Bispo Júnior
Edgar Prib
Ali Adnan
Diogo António Cupido Gonçalves
Fernando Zampedri
Arber Zeneli
Nacer Barazite
Julian Börner
Tomás Pina Isla
Francisco Mérida Pérez
Steven Caulker
Leonardo Blanchard
Raheem Lawal
Roberto Román Triguero
Ivan Novoseltsev
Darren Randolph
Craig Cathcart
Ivo Daniel F. Mendonça Pinto
Juan Insaurralde
Joseba Zaldúa Bengoetxea
Rens van Eijden
Pedro Filipe Teodósio Mendes
Andreas Bjelland
Martin Kelly
Jonás Gutiérrez
Lukáš Mareček
Diego Novaretti
Omar Alderete
Yann Jouffre
Nicolò Barella
Heltinho Ejeda
Martin Hansen
Luccas Claro dos Santos
Brahian Alemán
İsmail Köybaşı
Mohammed Khalil Al Owais
Lee Grant
Clinton Mukoni Mata Pedro Lourenço
Sam Hutchinson
Jong Ho Lee
Ronny Rodelin
Liam Bridcutt
Anselmo Vendrechovski Jr.
Robbin Ruiter
Lukas Hinterseer
Joe Bryan
Paulo Ricardo de Jesús Machado
Nicolás Domingo
Sebastián Dubarbier
Dom Dwyer
Patrick De Oliveira Vieira
DeAndre Yedlin
Ailton Ferreira Silva
Maikel van der Werff
Victor Ayala
Heitor Edvaldo Zanon Barros
Georg Margreitter
Alessandro Rosina
Alejandro Silva
Aly Ghazal
Adam Federici
Guilherme Costa Marques
Ahmed El-Shenawy
Maxwel Cornet
Nery Domínguez
Uroš Đurđević
Chisamba Lungu
Cristian Roldan
David Ballega
Rob Green
Jacinto Muondo Dala
Idrissa Sylla
Anderson Esiti
Arnaldo Edi Lopes da Silva
Paolito Jesus Serra Fonseca
Micah Richards
Giuseppe Vives
Alexander Kačaniklić
Wilker Ángel
Bastian Leitoñez
Vicente Guaita Panadero
Tom Carroll
Sam Byram
Martín Cauteruccio
Kamil Vacek
Nuno André da Silva Coelho
Cristian Maidana
Silvio Romero
Jorge Benítez
Yannick Cahuzac
Stewart Downing
Lex Immers
Carlos Carmona
Björn Bergmann Sigurðarson
Carlos Miguel Ribeiro Dias
Federico Melchiorri
Michel David Melo Fagundes
Christian Alemán
Renato Tapia
Stefan Šćepović
Fredrik Midtsjø
Solly March
Fouad Chafik
Osvaldo Jonia
Mustafa Pektemek
Mikel Vesga Arruti
Iván López Álvarez
Eiji Kawashima
Ledian Memushaj
Roberto Ibáñez Castro
Mijhael Echeberria
Máyer Candelo
Joel Pohjanpalo
Orkan Çınar
Astrit Ajdarević
Benjamin Corgnet
Ahmad Benali
Víctor Ibarbo
Mohammed Jahfali
Alexis Blin
Mark Bunn
Erik Morán Arribas
Kevin Stuhr-Ellegaard
Tommy Smith
Khalid Boutaïb
Tobias Pereira Figueiredo
M. Vanderlei Paulino Kenedy
Petar Brlek
Manuel Iturra
Bernard Parker
Kenneth Omeruo
Gonzalo Bettini
Luciano Parreses
Antonio Floro Flores
Manuel Del Moral Fernández
Shkëlzen Gashi
Alex Cordaz
Ferland Mendy
Cristian Álvarez
Antonio Rodríguez Martínez
Johan Cavalli
Lucas Albertengo
Brian Fernández
Saman Ghoddos
David Lafata
Lars Vilsvik
Bo Kyung Kim
Tim Melia
Mariano Pavone
Abdul Fatah Aseri
Manabu Saito
Kyle Beckerman
Erwin Mulder
Kenan Karaman
John Ruddy
Lyanco Neves Vojnovic
Aron Jóhannsson
Unai Garcia Lugea
Sergey Pesyakov
Ahmet Oğuz
Marlos Moreno
Nicolás Aguirre
Tim Matavž
Otávio Alberto Vila Mascarenhas
Reza Ghoochannejhad
Michael Liendl
Junior Hoilett
Leonel Muñezal
Vladimir Granat
Jamie Paterson
Tamás Kádár
Lars Veldwijk
Tim Hoogland
Rubem Thomas Esteiro Branco
Dimitrios Kolovetsios
Samir Ujkani
Ima Faneva Andriatsima
Enver Cenk Şahin
Ibrahim Ghaleb
Chang Min Lee
Borja Mayoral Moya
Cheng Zeng
Matty James
Güray Vural
Alfredo Ortuño Martínez
Selçuk Şahin
Emmanuel Boateng
Alexandru Gaţcan
Modou Barrow
Timoteo Samuel Triano Branco
Ahmed Elmohamady
Rafał Gikiewicz
Gastón Silva
Guido Naballoz
Daniel Opare
Daniel Sanchez Ayala
Sergio Vittor
Oliver Norwood
Ryan Isaac Mendes da Graça
Jeff Nazario Senparabia
Yuki Kobayashi
Aridane Hernández Umpiérrez
Eric Mathoho
Birama Touré
Miguel Edson Pimenta Baia
Alaeddine Yahia
Marco Filipe Lopes Paixão
Edoardo Goldaniga
Henri Bedimo
Timothy Castagne
Konstantin Vassiljev
André Filipe Claro de Jesus
Nemanja Mihajlović
Michiel Kramer
Pedro López Muñoz
Lindsay Rose
Pål André Helland
Josef Šural
Carlos David Moreno Hernández
Duvier Riascos
Fernando Barrientos
Kasper Hämäläinen
Juan Eduardo Oyarcan
Elias Kachunga
Diego Fortunato dos Santos Queiroz
Ezequiel Ponce
Anyelo Candelo
Gianluca Pegolo
Rômulo Roberto Calsede Caiado
Salvador Ricuelme
Daniel Buitrago
Heiko Westermann
Rasmus Thelander
Christophe Berra
Peter Utaka
R. Nicholas Porfírio Jardim
Jordan Rhodes
Daniel Royer
Gervasio Núñez
Adrián Embarba Blazquez
Rolando Aarons
Bruno Araújo dos Santos
Eugenio Lamanna
Omar Pérez
John Swift
Flavio Iturrado
Nuno Miguel Gomes dos Santos
Vegard Forren
Mirko Boland
Nicolas Benezet
Jean-Christophe Bahebeck
Chad Marshall
Jens Hegeler
Rubén Martínez Andrade
Raffaele Palladino
Alessandro Nuno Vaz Laranjeiras
Yassine El Ghanassy
Francisco Portillo Soler
Joan Jordán Moreno
Thomas Phibel
Eladio Cubildas
Lautaro Martínez
Jeffrey Schlupp
Jonathan Renato Barbosa
Raimundo Latorres
Alejandro Remiro Gargallo
Michael Mancienne
Jonathan Galván
Marco Capuano
Alexis Henríquez
Tom Lawrence
Philipp Tschauner
Edwin Hernández
Matthieu Saunier
Shinzo Koroki
Jorge Costa Pires
Carl Medjani
Mpho Makola
Ritchie De Laet
Jean Zimmer
Nery Aguileda
Ivo Tiago Santos Rodrigues
Manuel Leonardo Conceição Paes
Marcelo Meli
Nicolas Pépé
Maikel Mesa Piñero
Andres Perosas
Gojko Kačar
Harrison Henao
Nicolás Gorosito
Marcelo Estigarribia
Nabil Ghilas
Daryl Murphy
Landry Dimata
Thomas Bruns
Adriano Facchini
Jehad Al Hussien
Alexander Callens
Ricardo Jorge Oliveira Valente
Vladimir Bystrov
Takumi Minamino
Vanderlei Tiago Cõembra Laforte
Bram Nuytinck
Edson Álvarez
Christian Gytkjær
Young Sun Yun
Roberto Suárez Pier
Valerică Găman
M. Vanderlei Arguinarena
Cameron Jerome
Jonathan Rodríguez
Alejandro Romero Gamarra
Tomi Jurić
Nemanja Maksimović
Daniele Cacia
Robert Žulj
Andrés Cadavid
João Ricardo da Silva Afonso
Jonathan Spector
Adam Ounas
Stephen Ireland
Estevão Danilo Candeira Inácio
Alejandro Faurlín
Cristian Campestrini
Hamdi Harbaoui
Javier Guerra Rodríguez
Ángel Mena
Luís Miguel Coimbra Aurélio
Rubén Duarte Sánchez
Per Karlsson
Jairo Ralph Resende dos Santos
Paulus Arajuuri
Alejandro Fernández Iglesias
Yann Bodiger
Jessé Martin Ledeiro Serra
Gonçalo José Gonçalves Santos
Dídac Vilà Roselló
Taulant Xhaka
Maciej Gajos
Markel Bergara Larrañaga
Douglas Arthur Armeira Bahia
Marcin Kamiński
Jordano Rozalas
Cristian Espinoza
Paulo Henrique Carneiro Filho
Luis Reyes
Panagiotis Kone
Ricardo Jérez
Domingos Sousa Menezes Duarte
Marcin Robak
David Pavelka
Ivan Bosquedo
Adrián Guto Negrão Bastos
Rod Fanni
José Luis Fernández
Leandro Desábato
Dino Dueña
Prince Désir Gouano
Cecilio Domínguez
Dwight Tiendalli
Wesley Lautoa
Abdallah Ndour
Robert Kenedy Nunes do Nascimento
Maxi Moralez
Lukas Spalvis
Goran Čaušić
Aurélien Collin
Ismael Silva Lima
Lucas Boyé
Sebastian Griesbeck
Brayan Cespeda
Abdoulay Diaby
Germán Denis
Alessio Cragno
Roberto Ovelar
Leiton Jiménez
Luciano da Rocha Neves
Numan Çürüksu
Jean-François Gillet
Alexander Grünwald
Sam Clucas
Claiton Machado dos Santos
Joe Lewis
Young Wook Kim
Frenkie de Jong
Ibrahima Seck
Guy-Roland Ndy Assembe
Branimir Hrgota
Federico Ricci
Carlos Castro García
Gonzalo Espinoza
R. Nicholas Labral
Nuno Henrique Gonçalves Nogueira
Jurgen Mattheij
Israel Jiménez
Carlos Hernández Alarcón
Agustin Pandaña
Jorge Torres Nilo
Romain Métanire
João Felipe Schmidt Urbano
Federico Barba
Antony Silva
Lin Gao
Evgeniy Gorodov
Sascha Riether
Gaëtan Bong
Eldin Jakupović
Luis Ardente
Idriss Saadi
Jason Shackell
Moritz Bauer
Darwin Andrade
Lee Tomlin
Dominik Kaiser
Ignacio Parraz
Dmitriy Stotskiy
Mads Fenger
Carlos Daniel López Huesca
Luis Robles
Özer Hurmacı
Nedum Onuoha
Bruno Ecuélé Manga
Michael Morrison
Floyd Ayité
Víctor Javier Añino Bermúdez
Felipe Aguilar
Cláudio Pires de Morais Ramos
Massimo Bruno
Stiven Barreiro
Filipe Miguel Neves Ferreira
Clayton Fábio Fildeiras Cachoeira
Elkin Soto
Yann Kermorgant
Radosław Majewski
Manuel Castellano Castro
Connor Wickham
Bruno Uvini Bortolança
Ante Rebić
Krisztián Németh
Keagan Dolly
Roland Lamah
Juliano Wagner Mascarinhas Concp.
Yoann Andreu
Elson Ferreira de Souza
Paulao Paulo Junqueiras Couto
Manuel Akanji
Gabriel Achilier
Téji Savanier
José Antonio García Rabasco
Ebenezer Ofori
Nordi Mukiele
Davide Di Gennaro
Adam Forshaw
Washington Camacho
Thomas Buffel
Francisco Jimenez Tejada
Roderick J. Gonçalves Miranda
Francisco Meza
Philipe Sampaio Azevedo
Marco João Costa Baixinho
Danovis Banguero
Bruno Valdez
Nilson Rafael Vilela de Brito
Arsen Khubulov
Davide Brivio
Alfredo Morales
Samuele Longo
Bryan Dunavante
Marc Torrejón Moya
Nahuel Leiva
Moussa Maâzou
João Fabrício Bruiñeira Salvador
Rafael Henrique Assis Cardoso
Manuel Marouan da Costa Senoussi
Crislan da Silva de Souza
Guessouma Fofana
Mauro Goicoechea
Josh Onomah
Ruben Yttergård Jenssen
Alexis Pérez
Te Se Chong
Atınç Nukan
Moses Odubajo
Estéfano Arango
Reinaldo Casirón
Nicolás Bertolo
Danijel Aleksić
Jhon Murillo
Francisco Lecarnado
Dimitrios Kourmpelis
Iñigo Córdoba Kerejeta
Callum McManaman
José Filipe da Silva Moreira
Carleto Adilson Costinha Caldeira
Javier García
Ondřej Čelůstka
Rodolfo Dantas Bispo
Pablo Álvarez
George Boyd
Miloš Kosanović
Kevin Rodrigues
Steven Naismith
Mauro Guilherme Ribeiro Rangel
Souleymane Bamba
Cesare Bovo
Bekim Balaj
Raúl de Tomás Gómez
Adis Jahović
Mats Rits
Bryan Cristante
Michal Kadlec
José Edgar Andrade da Costa
Denis Zakaria
Yeison Gordillo
Paweł Olkowski
Rafael Garcia Tonioli Defendi
Wout Brama
Pavel Mogilevets
Arturo Mina
Alexandre H. Gonçalves Freitas
Thomas Didillon
Santiago André da Bruma Reis
Jesús Sánchez
Davie Selke
Benoît Pedretti
James Henry
Thiago Claudnei Almeida Reis
Hélder Tiago Pinto Moura Guedes
Sebastian Polter
Ben Marshall
Mats Møller Dæhli
Diego Rodríguez
Douglas Pereira dos Santos
Zakaria Bakkali
Maksym Malyshev
Milan Gajić
Vasco Regini
Jordi Masip López
Cristian Ramírez
Landry Joel N&apos;Guemo
Juan Torres Ruiz
Fabian Klos
Cristian Enzo Lodeira Araujo
Matteo Ardemagni
Cristian Gamboa
Christoffer Nyman
Carles Aleñà Castillo
Fabricio Bustos
Adrian Mariappa
Andreas Luthe
Adama Traoré
Michaël Ciani
Oscar Lewicki
Jaime Darenova
Youssef Ait Bennasser
Walter Elias Silvieiro Borges
Lasse Vibe
Žarko Tomašević
Opa Nguette
Daniel Álvarez
Norbert Gyömbér
Bakary Sako
Cauê Cecilio da Silva
Damian Dąbrowski
Magomed Ozdoev
Iván López Mendoza
Pablo Maffeo Becerra
Jarlan Barrera
Manuel Rocental
Eber Henrique Ferreira de Bessa
Josué Durval da Feira Cunha
Eros Pisano
Wes Foderingham
Bruno Petković
Dean Marney
Marco André Silva Lopes Matias
Josef Hušbauer
Steven Fletcher
Mustapha Diallo
Mario Maloča
Felipe Barridos
Michele Canini
Timothy Derijck
Mattia Cassani
Yasuhito Endo
Patricio Toranzo
Carlos Gruezo
Mijat Gaćinović
Ergys Kaçe
Harrison Manzala
Kevin Lasagna
Ronald Vargas
Sebastian Holmén
Jean-Armel Kana-Biyik
Diego Contento
Robbie Kruse
Johan Kappelhof
Francisco Montañés Claverías
Jonathan Bottinelli
Salem Al Dawsari
Vagner da Silva
Dario Dumić
Maurides Roque Junior
Emmanuel Cascione
Chris Martin
Syam Ben Youssef
Hernán Fredes
Adama Diakhaby
Cristiano Biraghi
Hernán Santana Trujillo
André Biyogo Poko
David Navarro Pedrós
Rafael Perez
Mame Thiam
Matheus Dória Macedo
Ager Aketxe Barrutia
Jean-Kévin Augustin
Drew Moor
Ali Turan
Pedro Miguel Braga Rebocho
José María Martín Bejarano
Yamil Asad
Jan Morávek
Taras Burlak
Yaya Banana
Alberto Martín Romo García-Adámez
Claudio Riaño
Thilo Kehrer
Anouar Kali
Ezgjan Alioski
Christian Günter
Unai López Cabrera
Julien Cétout
Anthony Lozano
Wanderson Maciel Sousa Campos
Frédéric Mendy
Mickaël Le Bihan
Takahiro Sekine
Ragnar Sigurðsson
Ceyhun Gülselam
Jordy de Wijs
Rodrigo Hernández Cascante
Baldomero Perlaza
Mateusz Klich
Fidel Martínez
Loris Benito
Yacouba Sylla
Phil Bardsley
Jonas Welson Damasto Orsi
Nahki Wells
Paulo Da Silva
Martín Rodríguez
Bryan Oviedo
Wilson Morelo
Kolbeinn Sigþórsson
Leonardo Pico
Evandro Goebel
Paddy McNair
Dario Rodríguez
Milenko Fierro
Tom Starke
Renato Ibarra
Luciano Acosta
Avdija Vršajevič
Ousmane Coulibaly
Bartosz Kapustka
Michael Lobaño
Hervé Bazile
Rizvan Utsiev
Joshua Eduardo Sá Madeira
Ömer Şişmanoğlu
Fabian Giefer
Ángel Zaldívar
Stefan Šimić
Augusto Escavar
Rob Holding
David Guzman
Lucero Álvarez
Libor Kozák
David Costas Cordal
Donis Avdijaj
Jeff Nazario Meire Costinho
João Carlos Vilaça Teixeira
Brian Caderado
Amilton Minervino da Silva
Edgar Badía Guardiola
Kevin Stewart
Facundo Erpen
Nuno Miguel Jerónimo Sequeira
Ivaylo Chochev
Manuel Gulde
Benjamin Jeannot
Jérôme Prior
Jong Woo Kim
Jiloan Hamad
Vito Wormgoor
Unai Albizua Urquijo
Florent Hadergjonaj
Hyeon Beom Ahn
Dedryck Boyata
Alexis Martín Arias
Alfonso Pedraza Sag
McDonald Mariga
Bogdan Stancu
Frank Boeckx
Karim Onisiwo
Mihai Răduţ
Hwa Yong Shin
Pascal Stenzel
Romain Genevois
Bernard Berisha
Mathieu Duhamel
Antonio Barragán Fernández
Andy King
Andile Jali
Killian Overmeire
Rafael Furlan Soares
Pablo Granoche
Alberth Elis
Carlos Felipe Rodríguez
Florian Jungwirth
Iliass Bel Hassani
Léo Lacroix
Seth De Witte
Niall McGinn
Antonio Jesús Cotán Pérez
Hernán Toledo
Nicolas Höfler
Kellyn Acosta
Mauro Pierre Cildinho Conradi
Szymon Pawłowski
Paulo Fred Mesqueira Serpa
Nathan Baker
Gonçalo Jardim Brandão
Diego Viera
Thomas Nicolas Silva Rangel
Przemysław Tytoń
João António Antunes Carvalho
Matías Aguirregaray
Manuel Barreiro Bustelo
Juan Sánchez Miño
Maxime Dupé
Nick Rimando
Joaquín Arzura
Jimmy Cambados
Miloš Krasić
Ignacio Vidal Miralles
Ángel Luís Rodríguez Díaz
Miguel Samudio
Marvin Martin
Fernando Canesín Matos
Rafael Baca
Carlos Martín Vigaray
Oscar Oyanadir
Samuel Souprayen
Jordon Ibe
Rafael Delgado
Johan Wiland
Judilson Mamadu Tuncara Gomes
Tiago Henrique Damil Gomes
Oleksandr Zinchenko
Magnus Troest
Xiaoting Feng
Alvaro Arroyo Martínez
Alexandr Zotov
Bruno Bianchi
Matías Pisano
Ezequiel Barco
Kenyu Sugimoto
Emanuele Calaió
Adrian Mierzejewski
Mario Vrančić
Garath McCleary
Jan-Ingwer Callsen-Bracker
Sanaldo Dilson Caiado Dutra
Jin Ho Sin
Panagiotis Retsos
George Thorne
Attila Fiola
Milan Vilotić
Maciej Rybus
C.J. Sapong
Brandon Mechele
Óscar Plano Pedreño
Jesús Méndez
Alexander Søderlund
Pablo Hervías Rubio
Sverrir Ingi Ingason
Arturo Jonaldo Pombal de Faria
Aron Gunnarsson
Nuno Ailton Padrenda Mendes
Victor Bernárdez
Fábio Pereira da Silva
Luca Ceppitelli
Ricardo Miguel Moreira Costa
Brian Hämäläinen
Luis Pedro Cavanda
Lorenzo Cinterio
Vicente Seldero
Pablo Mouche
Tomer Hemed
Jahmir Hyka
Abdou Kader Mangane
Barry Bannan
Izet Hajrović
Leandro Bacuna
Chidozie Awaziem
Andrew Wooten
Augusto Solari
Jeff Hernandero
Sami Allagui
Jair Eduardo Britto da Silva
Alexander Tettey
Antonín Barák
Fabien Lemoine
Grant Hanley
Ailton Diogo Coelho Barbosa
Alexandros Tziolis
Alexandr Anyukov
Bernard Mensah
Masaaki Higashiguchi
Tiago Rafael Maia Silva
Mehmet Güven
Luis Advíncula
Sam Johnstone
Denaldo Jonaldo Carneiro Rios
André Hansen
Isaac Cofie
Stephan Fürstner
Lorenzo Ariaudo
Facundo Sánchez
Christhian Mestierra
Jesús Gallardo
Camilo da Silva Sanvezzo
Walter Bou
Luis Eduardo Delgado Pacheco
Nicolas Frey
Lorenzo Lollo
Alberto Zapater Arjol
Ho Seung Lee
Israel Damonte
Assane Dioussé
Antonio Amaya Carazo
Elderson Echiéjilé
Cornel Râpă
Juan Cabezas
Jony Allison Reitosa Ribeiro
Peter Niemeyer
Riccardo Gagliolo
Sergio Herrera Pirón
Jakov Filipović
Alexander González
Ayrton Preciado
Ismael López Blanco
Fáiner Torijano
Luke Chambers
Luciano Renato Barbosa Baumer
Ronaël Pierre-Gabriel
Denis Odoi
Antonio Caracciolo
Rafael van der Vaart
Lucas E. Santana de Oliveira
Juan Carlos Medina
Uwe Hünemeier
Gideon Jung
Ryan Koolwijk
Artur Sobiech
Jordi Calavera Espinach
Francisco José Molinero Calderón
Lucas Torró Marset
Olivier Deschacht
Danilo Sousa Campos
Simon Lundevall
Renato Peter Mestres Silveira
Alberto Benito Correo
Tsepo Masilela
El Fardou Ben Nabouhane
Ramón Folch Frigola
Tomasz Kupisz
Santiago Montoya
Maciej Makuszewski
Alan Hutton
Pieter Gerkens
Steliano Filip
Yerko Sanpian
Sérgio Antônio Borges Júnior
Kévin Constant
Isaías Sánchez Cortes
José Manuel Velázquez
Joaquín Marín Ruíz
Iver Fossum
Elohim Rolland
Richárd Guzmics
Connor Ripley
Alfredo Morelos
Håvard Nielsen
Christian Ramirez
Anthony Koura
Alexandre Mendy
Gregory Parreses
Gerard Valentín Sancho
Evanildo Fernandes Gomes
Alessandro Lucarelli
Robert Leipertz
Leonardo Luis Sandelas Junior
Ismaël Bangoura
Steven Skrzybski
Diego Queiroz de Oliveira
Esteban Andrada
Sebastian Kerk
James Maddison
Pedro Nuno Fernandes Ferreira
Kevin Bonifazi
William Fernando da Silva
Daniel Rosero Valencia
Christoph Janker
Steve von Bergen
Federico Macheda
Steve Sidwell
Yussif Raman Chibsah
Tom Schütz
Simone Rizzato
Álvaro Vadillo Cifuentes
Mahmoud Hassan
Min Jae Kim
Akaki Gogia
Engin Bekdemir
Ádám Gyurcsó
Adam Marušić
Misael Miyin
Ashley Cole
Pedro Bispo Júnior
Elvis Manuel Monteiro Macedo
David Nugent
Darko Jevtić
Nereo Fernández
Guido Marilungo
Ángelo Sagal
Neri Cardozo
Christian Puggioni
Adolfo Machado
Admilson E. Dias de Barros
Julio Tavares
Enzo Fernández
Flavio Emmanuel Lopes Paixão
Massimo Luongo
Isaac Hayden
Luis David Couprins Acuna
Daniel Guerrero
Carlos Auzqui
Rico Strieder
R. Martinho Alves de Lima
Heitor Edvaldo Barreto Gesser
Ahmet İlhan Özek
Bersant Celina
Lewis Cook
Ronald Matarrita
Luigi Vitale
Dorian Lévêque
Kelyn Rowe
Robin Himmelmann
Yosuke Kashiwagi
Marcos Hascien
Ivan Močinić
Víctor Manuel Casadesús Castaño
Jérémy Grimm
Thibault Moulin
Ben Osborn
Durval Hélton Vieira Aldair
Alam Cristian Lindeiro Couto
Panagiotis Glykos
Tomás Costa
Alain Rochat
Lins Lima de Britto
Enzo Diogo Merques Gomes
Philipp Ziereis
Jason Berthomier
Marlion Gustavo Simões Paiva
Pedro Miguel Pereira Silva
Juan Muñoz Muñoz
Che Adams
Juan Agudelo
Marco Torsiglieri
Paweł Kieszek
Brayan Cortés
Miguel Parediso
Josh McEachran
Kemar Roofe
Leandro Cabrera
Jhasmani Campos
Kemar Lawrence
Mijo Caktaš
Gilles Sunu
Danny Williams
Kasper Kusk
Ramon Leeuwin
Alexander Farnerud
Roger Espinoza
Tyronne Gustavo Del Pino Ramos
Ethan Finlay
João Pedro Almeida Machado
Avimiled Rivas
Uffe Bech
José Lionn Barbosa de Lucena
Johan Larsson
André Filipe Carneiro Leal
Ryan Shotton
François Bellugou
Stalin Motta
Gabriel Moisés Antunes da Silva
Massimo Coda
Walid Mesloub
Rob Schoofs
Vadim Afonin
Elmir Nabiullin
Victor Hugo Santana Carvalho
Valerio Di Cesare
Issiaga Sylla
Samuel Adegbenro
Angel Montoro Sanchez
Cyriac Gohi Bi Zoro
Diego Chará
Alberto Grassi
Tiago Nathan Pombeira Gesser
Edgar Benítez
Rafael Fardenal
Rouwen Hennings
Julián Speroni
Yassine Bounou
Thomas Pledl
Aaron Hughes
Afonso Rebeiro Figueiredo
Jonathan Bamba
Cristian Ledesma
Dušan Kuciak
Conor Coady
Janusz Gol
Eunan O&apos;Kane
Barrie McKay
Florian Klein
Matúš Putnocký
Édison Toloza
Gerónimo Poblete
Maximiliano Coronel
Paul Dummett
Carlos Alberto Alves Garcia
John Bostock
Yaya Sanogo
Giannis Gianniotas
James Vaughan
Stoppila Sunzu
Thorsten Schick
Ahmed Hassan Asiri
James Sánchez
Javier Carpio Martín
Rilwan Hassan
Florian Hübner
Esteban Saveljich
Ramon Aguileda
Russell Martin
Kekuta Manneh
Olivier Boscagli
Junmin Hao
Neal Maupay
Francisco Calvo
Xavier Torres Buigues
Emmanuel Bourgaud
Stefan Medina
Kevin Diks
Rene Baderos
Adem Büyük
Cyrus Christie
Felipe Trevizan Martins
Gaëtan Belaud
Fernando Seoane Antelo
Matías Cahais
Ricardo Lopes Pereira
Iñigo Pérez Soto
Michael Rangel
Scott Hogan
Dion Cools
Maciej Dąbrowski
Mihai Pintilii
Gael Sandoval
Baba Diawara
Carlos Salom
Jorge Sáenz de Miera
Jacek Kiełb
David McGoldrick
Youness Mokhtar
Nicola Leali
Lucas Aveldaño
Jair Aldunsate
Alexis Soto
Migjen Basha
Dušan Cvetinović
Emrah Başsan
Vincenzo Fiorillo
Markus Henriksen
Germán Sánchez Barahona
Moussa Kone
Fabian Holland
Behrang Safari
Paulo Bernard Alves Coelho
Stylianos Malezas
Luis Fariña
Juan Cornejo
Carlos Luna
Egidio Arévalo Ríos
Bruno Zuculini
Ethan Horvath
Moritz Stoppelkamp
Sokol Çikalleshi
Andris Vaņins
Avraam Papadopoulos
Juan Arandero
Taye Taiwo
Nill De Pauw
Ikechukwu Uche
Ryan Thomas
Alex Alessandro Freitas Conceição
Daniele Dessena
José María Angresola Jiménez
João Diogo Gomes de Freitas
Mattias Bjärsmyr
Jakob Poulsen
Adolfo Salvamanos
Viktor Fayzulin
Patricio Rodríguez
José Mauri
Nicklas Bärkroth
José Antonio Madueña
Liam Kelly
Sebastián Bertoli
Efraín Juárez
Rachid Aït Atmane
Maxime Barthelmé
Dong Won Ji
Dorin Rotariu
André Hoffmann
Gustav Valsvik
Cheikh M&apos;Bengue
Abdulmalek Al Khaibari
Helibelton Palacios
William de Asevedo Furtado
Oier Olazábal Paredes
Alireza Haghighi
Balázs Megyeri
Bart Nieuwkoop
Cenk Gönen
Min Woo Kim
Erick Aguirre
Eduardo José Borges Machado
Álvaro José Jiménez Guerrero
[...]
Haruhiko Takimoto
Rikiya Uehara
Pavle Vagic
Riccardo Piscitelli
Jamal Lewis
Omar Bugiel
Seityasen Singh
Anas Edathodika
Djamalidine Atoiyi
Kristoffer Hay
Kasper Nissen
Ben Doherty
Simon Ternynck
Ahmed Hassan Al Shehri
Jake Eastwood
Maximilian Thalhammer
Jake Brimmer
Valeriy Yaroshenko
Naif Mansour Al Mutairi
Arsen Adamov
Alessio Militari
Tyler Smith
Sho Naruoka
Dan Wishart
Mazen Al Johani
Jimmy Walker
Alex Byrne
Richie Purdy
Kentaro Kakoi
Adrian Henger
Kendall McIntosh
William Graham
Ángelos Argýris
Nikolai Baden Frederiksen
Lucas Mulazzi
Fabian Rohner
Nicklas Shipnoski
Armin Alesevic
Pierre Magnon
Marcos Lavín Rodríguez
Jack Williams
Will Randall
Pierre-Ange Omombe
Abdullah Alkhaibari
Mattia Battistoni
Kasper Lynge
Cihan Kahraman
Kacper Chorążka
Marc Ludden
Yeison Guzmán
Frank Ross
Samúel Kári Friðjónsson
Jakub Moder
Courtney Senior
Joe Nuttall
Santiago Hernández
Naohiro Ishikawa
Ross Fitzsimons
Keith Kearney
Conor Winn
Johannes Ritter
Alex Kapp
Honoré Kalala
Tryggvi Hrafn Haraldsson
Jordi Ortega Alcalá
Damien McNulty
Jake Bennett
Juan Pablo Meza
Federico Urraburo
Toshiya Tanaka
Haruki Fukushima
Sergio Rengifo
Shaun Tuton
Christian Huérfano
Pyeong Gook Yun
Rafik Guitane
Steven Kinsella
Shane Tracy
Yuto Horigome
Sang Min Ahn
Steven Sessegnon
Hiroki Noda
Arijan Qollaku
Sambou Sissoko
Petar Pusic
Noah Berchtold
Yugo Tatsuta
Damian Oko
Jonathan Lundberg
Kellan Gordon
Maxime Cassara
Luca Bruno
Colm Deasy
Leon Davies
Kyle Finn
Paul Rooney
Jack Earing
B.J. Banda
Mickaël Nanizayamo
Akito Fukumori
Alfred Ajdarević
Vincenzo Venditti
Charles Vernam
Jong Seok Kim
Bun-Dawda Sowe
Erlend Sivertsen
Jannik Bruhns
Patrick Kapp
Arne Galens
Medjon Hoxha
Kenta Tanno
Rayan Al Mousa
Raphael Sallinger
Joon Soo Ahn
Tor Erik Torske
Lindo Mfeka
Ivan Varone
Denis Vambolt
Ali Mohammed Al Amri
Dmitriy Doronin
Gustav Jarl
Luke Gallagher
Edvard Linnebo Race
Evan Pierce
James McGarry
Marius Adamonis
Casper Olesen
Sarpreet Singh
Harvey Rodgers
Sean Russell
Padraic Cunningham
Will Shorrock
Fernando Asmar
Stephen Kenny
Sam Tonks
Carlos Martínez
Abdulaziz Al Sharid
Jack Bayly
Aaron Connolly
Ilias Chatzitheodoridis
Shaun Rowley
Christoph Haas
Ippei Shinozuka
Isaac Boye
Amadou Ba
Dennis Smarsch
Owen Evans
Timo Mauer
Jaanai Gordon
Alexander Ammitzbøl
Harry Cardwell
Markus Dahlen Brændsrød
Harry Donovan
Josh Ashby
Radosław Kanach
Andrey Sidenko
Braedyn Crowley
Ian Turner
Aaron Wan-Bissaka
Albion Avdijaj
Hugh Douglas
David Richards
Henrik Castegren
Dennis Hadzikadunić
Iván Angulo
Elias Durmaz
Mathias Haarup
Erico Sousa
Nebiyou Perry
Linus Sahlin
Dong Su Kim
Albin Linnér
Ibrahim Keita
Jaman Abdullah Al Dossary
Daniel Nussbaumer
Martin Ove Roseth
Tommy Holland
Tunji Akinola
Krystian Peda
Brayan Lucumí
Matt Bower
Erik Botheim
Michael Blauensteiner
Ben Warland
Manuel Cabit
Aaron Morley
John McAtee
Ryan Coulter
Eric Grimes
Elia Benedettini
Brad Spencer
Michael Kempter
Jamal Reiners
Roberto Strechie
Rahis Nabi
Kevin Nisbet
Thibault Campanini
Daniel Segev Jørgensen
Marvin Thiele
Jeong Hyeon Kim
Ziad Al Haniti
Jonathan Capacho
Stephen Dunne
Tsubasa Oya
Conor Kane
Lenny Pintor
Souleymane Koné
Mathias Johannsen
Craig Thomson
Karvan Ahmadi
Alessandro Semprini
Ryan Porteous
Khius Metz
Adrian Łyszczarz
Damian Węglarz
Gregory Moorhouse
Saad Mousa Al Saleh
Morten Hegaard
Fares Al Johani
Péter Berki
Harry Girling
Dominik Hładun
Rayan Senhadji
Nuno da Silva
Sam Lavelle
Kevin Lynch
Gregor Sikošek
Lorenzo Saporetti
Chris Kablan
Nikita Dyachenko
Sean Boyd
Mihai Dobre
Enzo Martinez
Adonis Ajeti
Valentín Barbero
Tymoteusz Puchacz
Gabriel Isaac Cleur
Alefe Santos
Petar Gluhakovic
Brahyan Gómez
Marshall Willock
Keisuke Oyama
Mark Howarth
Magnus Mattsson
Mohammed Al Majhad
Alessandro Celli
Dan McNamara
Luca Maniero
Mirko Carretta
Diaz Wright
Nathan Konstandopoulos
Yuta Koide
Ryan Tierney
Florian Kraft
Denis Genreau
Christian Theoharous
Josh Hope
Mikhail Kennedy
Olatunde Bayode
Lloyd Buckley
Jordan McGregor
Nikolaj Lyngø
Christian Oxlade-Chamberlain
Karanjit Singh
Jason Lokilo
Amer Didic
William Popp
Mohammed Naji
Henry Cameron
Leonardo Marson
Miguel Fernandes
Mark Waddington
Scott Quigley
Jonny Margetts
Jakub Wróbel
Aldair Quintana
Akira Fantini
Manuel Arias
Mateo Hernández
Marcus Harness
Jack Aitchison
Humberto Acevedo
Eman Markovic
Abdullah Yahya Awaji
Joaquín Esquivel
Andreas Bruus
Jesse Koivistoinen
Lia Teddy
Garbhan Coughlan
Frank Arhin
Alberto Ocejo
Jamie Sneddon
Abdullah Al Zahrani
Hassan Dhaifallah
Frederik Lauenborg
Barry Molloy
Danila Ermakov
Tomislav Bilic
Dario Marzino
Paul Sinnott
Noah Feil
Cameron Gregory
Andrea Maccoppi
Filip Piszczek
Michal Sipľak
Filip Tägtström
Kristian Rutlin
Kacper Laskoś
Offrande Zanzala
Benjamin Ozegovic
Luca Maniero
Cheick Timite
Luis Klante
Emanuele Rovini
Dany Mota Carvalho
Dawid Kurminowski
Rhys Browne
Daniel Lalhlimpuia
Germanpreet Singh
Wai-Tsun Dai
Jamie McCombe
Jordon Sangha
Oli Shaw
Gareth Harkin
Robin Källman
Daniel Álvarez Hospido
Andreas Rødsand
Benjamin Zalo
Blair Malcolm
Camilo Triana
Ben Killip
Alimami Gory
Øystein Øvretveit
Ben Wiles
Noel Leighton
Jamie McIntyre
Abraham Majok
Christian Lucatero
Davide Djily Diaw
Romain Hanquinquant
Alexey Chernov
Jamie Veale
Sebastian Kowalczyk
Thomas Fekete
Steven Boyd
Jens Robben
Titas Krapikas
Leonardo Lázaro
Akito Takagi
Samuele Campo
Jeff King
Pavel Ovchinnikov
James Hamon
Brady Scott
Zak Mills
Bryan Lasme
Samuel Oum Gouet
Ismael Messaoud
Alfons Sampsted
Abdoulaye Traorè
Oliver Sail
Andrey Golovatyuk
Nick Anderton
Kwame Awuah
Daniel Harvie
Lorenzo Andrenacci
Chris Zuvela
Marco Bleve
Oliver Christensen
Lamar Reynolds
Michael Amick
Aaron Jones
Tadhg Ryan
Levi Sutton
Elliot Osborne
Shamal George
Victor Ekani
William Eskelinen
Ahmed El-Amrani
Masaki Sakamoto
Dylan Hayes
Sam Cosgrove
Adam Phillips
Muteb Al Mufarrij
Masataka Nishimoto
Fabian Burdenski
James Bittner
Kristopher da Graca
Emilio Martinez
Dominik Budzyński
So Fujitani
Franco Vivas
Lewis Collins
Idriz Voca
Shane Elworthy
Ruben Vargas
Aaron Zahui Bazoukou
Markus Olsen Pettersen
Luke Watt
Abdulrahman Al Shahrani
Mario Shabow
Akin Famewo
Jhon Caicedo
Joe Knowles
Yassin Maouche
Gabriel Aphrem
Manuel Di Paola
Harry Darling
Mark Harris
Masaya Kojima
Miłosz Mleczko
Omar Haughton
Greg Morrison
Fulganco Cardozo
Jay Smith
Jack Brownell
Pascal Kubina
Thomas McBride
Craig Ross
Chang Rae Ha
Andy Fisher
Abdulaziz Majrashi
Adi Mehremić
Ryan Johnson
Dennis Verwüster
Mesfer Abdulah Al Najrani
George Hughes
Pascal Schoch
Rahmat Akbari
Rino Iuliano
Tian Ci
Jason Marks
Maxime Dominguez
Herman Solberg Nilsen
Keegan Smith
Dae Joon Lim
Taulant Seferi
Desmond Hutchinson
Abdulaziz Al Shehry
Vasiliy Lukichev
Kamil Pestka
Aidan Keena
Alex Kyeremeh
Aubin Long
Piotr Poński
Shannon Brady
Aris Vaporakis
Ole Breistøl
Peter Burke
Enoch Banza
Osama Saleem Al Saleem
Franco Sosa
Rarmani Edmonds-Green
Kenshin Yoshimaru
Hasan Huseyin Duman
Serigne Fallou Niang
Piotr Nowak
Nikola Tzanev
Enzo Di Santantonio
Lewis Spence
Miguel Rodrigues
Yoshitake Suzuki
James Gibbons
Simon Enzler
Hussain Al Nakhli
Wachpirom Jakkit
Kazuma Takayama
Anders Waagan
Elia Alessandrini
Max Smallcombe
Peter Aas
Dan Turner
Joakim Barstad
Mathias Nilsson
Danny Kane
Mari Marzouq Al Maqadi
Regan Booty
Giacomo Caccin
Krzysztof Karpieszuk
Juan Esteban Moreno
Jung Jin Lee
Sheriff Sinyan
Julián Lucero
Kaina Yoshio
Vesel Demaku
Amaro Bahtijar
Grégoire Coudert
Amine Talal
Brendan Moore
Alessio Zerbin
Calum Waters
Khalid Al Muqaytib
Noah Uche
Víctor Cabezas
Ryuki Miura
Ricardo Díaz
Christopher Mulhall
Masaya Matsumoto
Virgile Piechocki
Meik Karwot
Mateo Giraldo
Arnór Sigurðsson
Luca Pompilio
Terence Vancooten
Davide Borsellini
Ryan Schofield
Sascha Härtel
Matteo Alluci
Vincent Michl
Luke Higham
Lewis Moore
Kevin Martin Krygård
Ellis Iandolo
Mohammad Al Qarni
Harvey Gilmour
Frankie Musonda
Chris Camwell
Filippo Nardi
Tim Mannek
Herman Børreson Fossdal
Khuwailed Al Mozaibri
Thomas Lijour
Connor Ellis
Go Hayama
Kacper Smoleń
Jake Hastie
Johannes Tartarotti
Marius Bildøy
Wiktor Nowak
Hyun Woo Lee
Shane Blaney
Andreas Skov Olsen
Charlie Burns
Serafin Szota
Hayden Coulson
Barry Cotter
Callum Saunders
Marco Ramkilde
Sabawon Wahid Shamohammad
Victor Nirennold
Tobias Børkeeiet
Dan Casey
Jesper Isaksen
Massimiliano Mangraviti
Davide Zappella
Hugo Logan
Giotto Morandi
João Ngongo
Jordan Shipley
Wanderson Ferreira dos Santos
Tobias Arndal
Euan Henderson
Gwenn Foulon
Frank Onyeka
Tarjei Aase Omenås
Łukasz Krakowczyk
Kieran Harrison
İsmail Ünal
Eoin Toal
Abdulaziz Al Qasir
Jacob Davenport
Arnel Jakupović
Jayden Antwi-Nyame
Will Longbottom
Markus Kaasa
So Hirao
Toru Takagiwa
Daniel Matsuzaka
Andi Zeqiri
Emilio Simonsen
Hussain Ali Al Jasim
Khaled Sufyani
Patrick Bahanack
Dylan Mottley-Henry
Harry Brockbank
Yun Oh Lee
Sebastian Ohlsson
Julien Anziani
Matthew Urwin
Mark Doyle
Hakan Furuncu
Kirill Arshanskiy
Martin Francois
Ashley Baker
Connor O&apos;Toole
Seth Owens
Alexander Jallow
Josh Doherty
Kyle McClean
Pedro Teixeira
Jake McGuire
Brad House
Abdulrahman Al Obud
Andrew McCarthy
Michael Baidoo
Guglielmo Vicario
Liam Gordon
Christos Shelis
Boris Babic
Philip Gannon
Lewis Williams
Louis Danquah
Cameron Peters
Tyler Blake
Konrad Poprawa
Tommaso Augello
Devis Vásquez
Miguel Ángel Cancela
Nicola Sutter
Enrico Brignola
Albin Sadrijaj
Ryan Barnett
Santiago Cáseres
Yannik Nuxoll
Victor De Lucia
Abdullah Yiğiter
Lee Steacy
Joshua Umerah
Nicolas Vidal
Nana Kyei
Tobias Hayles-Docherty
Maren Haile-Selassie
Lukas Scherff
Reece Deakin
Jonas Dakir
José Jaimes
Till Brinkmann
Daniel Higgins
Olle Edlund
Will Mannion
Gustav Nyberg
Morgan Penfold
Chinglensana Singh
Kylian Ramè
Wojciech Hajda
Amrinder Singh
James Penrice
Jack Boyle
Seung Won Jeong
Russell Dingwall
Stefan Schmidt
Matthew Jay
Aryan Tajbakhsh
Ibrahim Fahad Al Shuayl
Sam Dryden
Dominic Docherty
Abdel Hakim Abdallah
Felipe Barragán
Steven Grogan
Alex Byrne
Oskar Snorre
George Newell
Charlie Kirk
Jack Sowerby
Kyria Kambusi
Pierce Waring
Matt Turner
Sumeet Passi
Luca Cattaneo
Khaled Al Hamdhi
Lachlan Barr
Alexander Fioretos
Hossam Abdulmajeed
Matteo Gasperoni
Julius Eskesen
Conor Melody
Diallang Jaiyesimi
Hussain Al Khulaif
Kalle Ekman
Henrik Kristiansen
Muhammed Burak Yıldız
Mads Roerslev
Lewis Travis
Cédric Zesiger
Sebastian Gessl
Wesley Fonguck
Bernd Schipmann
Alexander Weidinger
Julian Püschel
Michael Cooper
Tim Möller
Ayaki Suzuki
Alessandro Gilardi
Connor Sparrow
Stephen Donnelly
Carlton Ubaezuonu
Tyler Garratt
Sebastian Hausner
Sam Blake
Eduardo Maria D&apos;Avino
Alejandro Rivero
Matheus Santos Carneiro Da Cunha
Sandro Ingolitsch
Alan Smith
Goro Kawanami
Sandi Arčon
Pablo Sabbag
Ozer Ozdemir
Jakub Freitag
Isao Homma
Valtteri Vesiaho
Gaku Harada
Cathal Farren
Jon Moran
Dardan Karimani
Jacob Buus
Abdullah Al Shammari
Kevin Tshiembe
Muteb Al Mutairi
Michael Augustin
Michał Gałecki
Emil Bohinen
Adam Wilk
Rory Hale
Sam Brotherton
Neşet Bellikli
René Robitsch
Innes Cameron
Adin Bukva
Aaron Comrie
Alex Howes
Dario Thürkauf
Damir Mehmedovic
Jared Muñoz
Perry Ng
Callum Maycock
Oscar Hedvall
Marwan Baze
Kevin Humeler
Florian Fischerauer
Paul Kalambayi
Nicolaj Jørgensen
Erik Tobias Sandberg
Kazune Kubota
Ryuji Kawai
Akeel Francis
Aksel Aktas
Kengo Ishii
Mathias Andersen
Naoya Senoo
Gabriel Meli
Jan Havlena
Jez Bedford
Scott Martin
Yohei Nishibe
Myles Boney
Marc Tokich
Abdullah Al Yousif
Yazeed Al Sayyah
Emil Riis Jakobsen
Brian Chevreuil
Tom Bayliss
Jose Hernandez
Damien Dumont
Cole Lonsdale
Mathew Hudson
Hamad Hawsawi
Kye Rowles
Collins Tanor
James Barrigan
Luca Matarese
Bruno Sambo
Felix Hornung
Warren O&apos;Hora
Varg Ringdal Støvland
Ali Ahmed Al Eid
Paul Schmieder
Michael Lema
Jamie Lindsay
Diego Agamez
Nico Cotton
Lucas Haren
Mohammed Al Zubaidi
Saad Al Khayri
Patrick Jennings
John Kitolano
Kristoffer Velde
Yefferson Bedoya
Davide Petermann
Rasmus Vinderslev
Naoki Hatta
Silvan Gönitzer
Tim Staubli
Rory Watson
Daniel Thøgersen
Kasper Lunding
Patrick Born
Adam Livingstone
Nimo Gribenco
Matthew Gillam
Alexis André Jr
Dean Carpenter
Antonee Burke-Gilroy
Callum Brittain
Joseph Champness
Pietro Maronilli
Adnan Mohammad
Hugo Eyre Bernat
Connor McLennan
Lucas Hedlund
Rasmus Wiedesheim-Paul
Michael O&apos;Connor
Hyun Tae Kim
Shugo Tsuji
Killian Brouder
Magnus Kofod Andersen
Jakob Gesien
Nicolas Schmid
Ronan Manning
Keiya Shiihashi
Sultan Abdullah Al Ghannam
Johann Dorangeon
Tobias Kraulich
Jamie Hollywood
Roberto Emanuel Oliveira Alves
Harry Pickering
Ross Sykes
Manny Agboola
Dylan Dykes
Andronicos Georgiou
Ben Hedley
Dylan Sweeney
Hamad Al Mansour
Tommaso Farabegoli
Curtis Tilt
Kristian Weber
Jack Keaney
Lucas Lionel Dias
Jack Dyche
Alessandro Kräuchi
Malakai Hinckson-Mars
Canice Carroll
George Lloyd
Johan Hove
Julian Knoll
Jens Berland Husebø
Darragh Noone
Tore André Sørås
Ryan Wintle
Ross Cunningham
Kristin Konstandopoulos
Andrea Borg
Duilio Evangelista
Thomas Saloni
Kofi Schulz
Luke Russe
Jared Bird
Eoin McCormack
Riku Yamada
Sam Bone
Aniello Viscovo
Mo Geun Kang
Henrik Ölander
Abraham Romero
Eetu Vertainen
Ryotaro Meshino
David Turnbull
Tim Schels
Josh Thomas
Marcel Ruschmeier
Nathan Bishop
Filip Blažek
Semir Šarić
Paul Doyle
Antonios Papadopoulos
Conor McCarthy
Takeaki Harigaya
Emanuel Alarcón
Steven Yawson
Jordan Morris
Callum Johnson
Ally Gilchrist
Ola Brynhildsen
Shaun Want
Mersim Asllani
Jacob Pryts Larsen
Davide Buglio
Tom Smith
Homar González
Taylor Hunter
Gion Fadri Chande
Pontus Almqvist
Jeppe Gertsen
Magnus Warming
Fraser Murray
Elliot Hodge
James Delianov
Ashley Nadesan
Bartosz Gęsior
Lewis Clayton
Ahmet Muhamedbegovic
Jesse Curran
Anders Johan Johansen
Sean O&apos;Mahony
Theo Widdrington
Emil Damgaard
Ahkeem Rose
Frederik Roepstorff
David Craddock
Shin Mitsuzaki
Hussain Al Radhi
Thomas McDermott
Angus Beith
Darnell Smith
Rafael Diaz
Aaron Jarvis
Josh Gregory
Jamie Hamilton
Maximilian Weiß
Dan Berci
Niklas Kern
Leo Petri
Anders Klemensson
Cameron Sangster
Luca Fiordilino
Oliver Drost
Daniel Łuczak
Jack Sparkes
Khamzat Nasurov
Daichi Akiyama
Thomas De Villardi
Nestor Gómez
Junya Higashi
Shea Gordon
Tobias Damsgaard
Erick Palacios
Marcus Bobjerg
Kenta Tokushige
Felipe Cuevas
Adam Fägerhag
Jack Sims
Denzel Williams
Owen Dale
Leon Fesser
Tom Lowery
Edwin Torres
Mattia Proietti
Michel Termanini
Oliver Byrne
Teit Jacobsen
Emil Wikström
Jack Walton
Sam Hornby
Tomas Totland
Jack Egan
Mark Zettl
Alpha Sissoko
Dean Dillon
Ángel Moreno Morcillo
Shaun McWilliams
Florian Wiedl
Martin Holm
Markus Iversen
Hyeong Min Park
Akinari Kawazura
Sebastian Klaas
Daiya Maekawa
Takuya Uchida
Yanick Guerchadi
Nico Krucker
Krzysztof Kurek
Gareth Doherty
Tom Knowles
Noah Blasucci
Anyelo Mora
Benjamin Tannus
Emil Solnørdal
Lee Llewelyn
Gregers Arndal-Lauritzen
James Tierney
Denis Adamov
Giulio Fasolo
Cameron McGilp
Kristoffer Gunnarshaug
Ryan Strain
Apostolos Stamatelopoulos
Atsushi Kurokawa
John Mahon
Edward McGinty
Valence Nambishi
Benjamin Hvidt
Saleh Al Amrani
Mads Emil Madsen
Matthias Hamrol
Lewis Freestone
Frederik Nørgaard
Steven Nolan
Gustav Marcussen
Szczepan Kogut
Omar Salman Al Suhaymi
Dylan Pierias
Manuel Zamora
Jakob Johansson
Bardhec Bytyqi
Mark McKee
Jordan Holt
Lukas Wackerle
Callum Roberts
Diego Berchtold
Reagan Ogle
Joel García
Tommy Lee McCarron
Edvin Dahlqvist
Christian Enemark
Lewis Reilly
Carlo Holse
Jack McMenemy
Joel Grodowski
Callum Gunner
Oliver Kjærgaard
Matthias Stingl
Ardian Berisha
Kealan McDermott
Alexander Arvidsson
Shota Yomesaka
Ismail Esen
Mikkel Mejlstrup Pedersen
Ali Kabacalman
Eoghan Dempsey
Jordan Storey
Nico Mantl
Alexey Kuchin
Keanu Baccus
Jamie Aherne
Ådne Bruseth
Jesper Granlund
Ross Woodcock
Filip Jazvić
Reece Fielding
Keith Dalton
Darren Jamieson
Declan Sharkey
Shinji Yamaguchi
Ben Kelly
Tom Anderson
Andreas Öhman
Mohammed Al Saeed
Jaime Giraldo
Aaron Barnes
Ephron Mason-Clark
Leon Demaj
Noor Husin
Ramón Pasquel
Jamie Gray
Izer Aliu
Nicolai Dohn
Mark Moric
Seán McSweeney
Arthur Read
Luke Wade-Slater
Martin Walsh
Ben Wilmot
Curtis Peters
Gary Kinneen
Leon Tigges
Szymon Więckowicz
Morgan Bacon
Taylor Maloney
Camilo Veloz
George Malki
Dylan King
Mark Hannon
Tom Krahnert
Niall Maher
Luke Jordan
Goson Sakai
Tirso Trueba
Alexis Ordóñez
Hubert Maślanka
Moataz Al Baqawi
Alessandro Giacomel
Clyde O&apos;Connell
Alexander Hofer
Kacper Tomasik
Victor Paillon
Omer Dzonlagic
Lewis Butroid
Shinya Uehara
Hiroyuki Mae
Will Henry
Sam Todd
Justin Schau
Aaron Bolger
Hideo Tanaka
Taishi Matsumoto
Valon Fazliu
Jhan Cuero
Cameron Salkeld
Conor Gnerlich
Maurice Nugent
Daniel Jardine
Harry Pickering
Kevin Horgan
Stefano Guidotti
Louis-Michel Yamfam
Vladislav Soromytko
Billy Sass-Davies
Liam Walsh
Alberto Corasaniti
James Doona
Jake O&apos;Connor
Michele Cerofolini
Reeco Hackett-Fairchild
Matthew Foy
Yoshihiro Uchimura
Emmet Hughes
Mark McElhinney
Jake Evans
Mark Hurst
Anes Osmanoski
Tyrell Robinson
Darren Clarke
Ronan Hughes
Zehn Mohammed
Dominic Peppard
Calvin Rogers
Neil McLaughlin
Garan Manley
Pierce Phillips
Alec Byrne
Kotaro Fujikawa
Kyle Egan
Tyler Brownsword
Florian Prohart
Louis Jones
Alfie Kilgour
Ryan White
Aaron Conway
Harry Clifton
Mikey Whelan
Tom Sawyer
Jack Keeble
Kai McKenzie-Lyle
Nathan Sheron
Tommy Käßemodel
Adam Kelsey
Barry Richardson
Jordan Young
Josh Lundstram
Leslie Sackey
[&apos;C. Ronaldo dos Santos Aveiro&apos;, &apos;Lionel Messi&apos;, &apos;Neymar da Silva Santos Jr.&apos;, &apos;Luis Suárez&apos;, &apos;Manuel Neuer&apos;, &apos;Robert Lewandowski&apos;, &apos;David De Gea Quintana&apos;, &apos;Eden Hazard&apos;, &apos;Toni Kroos&apos;, &apos;Gonzalo Higuaín&apos;, &apos;Sergio Ramos García&apos;, &apos;Kevin De Bruyne&apos;, &apos;Thibaut Courtois&apos;, &apos;Alexis Sánchez&apos;, &apos;Luka Modrić&apos;, &apos;Gareth Bale&apos;, &apos;Sergio Agüero&apos;, &apos;Giorgio Chiellini&apos;, &apos;Gianluigi Buffon&apos;, &apos;Paulo Dybala&apos;]
</system-out></testcase><testcase classname="test_submit" file="test_submit.py" line="47" name="test_q_4" time="1.192"><system-out>[&apos;C. Ronaldo dos Santos Aveiro&apos;, &apos;Lionel Messi&apos;, &apos;Luis Suárez&apos;, &apos;Gareth Bale&apos;, &apos;Robert Lewandowski&apos;, &apos;Toni Kroos&apos;, &apos;Luka Modrić&apos;, &apos;Sergio Agüero&apos;, &apos;Sergio Ramos García&apos;, &apos;Eden Hazard&apos;]
</system-out></testcase><testcase classname="test_submit" file="test_submit.py" line="61" name="test_q_5" time="1.145"><system-out>Barry Richardson - 47

Óscar Pérez - 44

Essam El Hadary - 44

Danny Coyne - 43

Jimmy Walker - 43

Joaquim Manuel Sampaio Silva - 41

Kjetil Wæhler - 41

Chris Day - 41

Marco Storari - 40

Benjamin Nivet - 40

</system-out></testcase><testcase classname="test_submit" file="test_submit.py" line="75" name="test_q_6" time="1.163"><system-out>{16: 18, 17: 270, 18: 682, 19: 1088, 20: 1252, 21: 1275, 22: 1324, 23: 1395, 24: 1321, 25: 1515, 26: 1199, 27: 1153, 28: 1053, 29: 1127, 30: 807, 31: 666, 32: 506, 33: 610, 34: 271, 35: 188, 36: 137, 37: 69, 38: 38, 39: 18, 40: 4, 41: 3, 43: 2, 44: 2, 47: 1}
</system-out></testcase></testsuite>